#! /c/Source/iverilog-install/bin/vvp
:ivl_version "12.0 (devel)" "(s20150603-1539-g2693dd32b)";
:ivl_delay_selection "TYPICAL";
:vpi_time_precision - 10;
:vpi_module "C:\iverilog\lib\ivl\system.vpi";
:vpi_module "C:\iverilog\lib\ivl\vhdl_sys.vpi";
:vpi_module "C:\iverilog\lib\ivl\vhdl_textio.vpi";
:vpi_module "C:\iverilog\lib\ivl\v2005_math.vpi";
:vpi_module "C:\iverilog\lib\ivl\va_math.vpi";
S_000001434ffdc560 .scope module, "datapathTestbench" "datapathTestbench" 2 4;
 .timescale -9 -10;
v0000014350040990_0 .var "_clock", 0 0;
v0000014350041c50_0 .var "_reset", 0 0;
v00000143500414d0_0 .var/i "i", 31 0;
v0000014350041cf0_0 .var/i "j", 31 0;
S_000001434ffdf9b0 .scope module, "datapathInst" "datapath" 2 7, 3 13 0, S_000001434ffdc560;
 .timescale -9 -10;
    .port_info 0 /INPUT 1 "clock";
    .port_info 1 /INPUT 1 "reset";
L_000001434ffb3ef0 .functor AND 1, v00000143500301e0_0, L_0000014350040670, C4<1>, C4<1>;
v000001435003d110_0 .net "ALUOpDP", 1 0, v000001435002f380_0;  1 drivers
v000001435003c530_0 .net "ALUSrcDP", 0 0, v0000014350030f00_0;  1 drivers
v000001435003d1b0_0 .net "Add1OutDP", 31 0, L_0000014350040530;  1 drivers
v000001435003d9d0_0 .net "Add2OutDP", 31 0, L_00000143500412f0;  1 drivers
v000001435003dbb0_0 .net "AluResultDP", 31 0, v000001435002f7e0_0;  1 drivers
v000001435003c490_0 .net "BranchDP", 0 0, v00000143500301e0_0;  1 drivers
v000001435003c850_0 .net "ImmGenOutDP", 31 0, v00000143500306e0_0;  1 drivers
v000001435003dc50_0 .net "InsMemOutDP", 31 0, v000001435002fb00_0;  1 drivers
v000001435003dcf0_0 .net "MemReadDP", 0 0, v0000014350030be0_0;  1 drivers
v000001435003dd90_0 .net "MemWriteDP", 0 0, v000001435002fec0_0;  1 drivers
v000001435003ded0_0 .net "MemtoRegDP", 0 0, v0000014350030c80_0;  1 drivers
v000001435003df70_0 .net "MuxOutAluInDP", 31 0, L_0000014350040ad0;  1 drivers
v000001435003c0d0_0 .net "PCInDP", 31 0, L_0000014350041d90;  1 drivers
v000001435003c170_0 .net "PCOutDP", 31 0, v000001435003d2f0_0;  1 drivers
v000001435003c210_0 .net "ReadData1DP", 31 0, v000001435003d430_0;  1 drivers
v000001435003c2b0_0 .net "ReadData2DP", 31 0, v000001435003d610_0;  1 drivers
v000001435003c350_0 .net "ReadDataDMOutDP", 31 0, v0000014350030280_0;  1 drivers
v000001435003c5d0_0 .net "RegWriteDP", 0 0, v0000014350030500_0;  1 drivers
v00000143500411b0_0 .net "WriteDataDP", 31 0, L_0000014350041570;  1 drivers
v0000014350040850_0 .net "ZeroResultDP", 0 0, L_0000014350040670;  1 drivers
v00000143500408f0_0 .net "aluControlOutDP", 3 0, v000001435002fc40_0;  1 drivers
v0000014350041390_0 .net "clock", 0 0, v0000014350040990_0;  1 drivers
v0000014350041bb0_0 .net "reset", 0 0, v0000014350041c50_0;  1 drivers
L_0000014350040cb0 .part v000001435002fb00_0, 12, 3;
L_0000014350041250 .part v000001435002fb00_0, 0, 7;
L_00000143500417f0 .part v000001435002fb00_0, 15, 5;
L_0000014350041890 .part v000001435002fb00_0, 20, 5;
L_0000014350041a70 .part v000001435002fb00_0, 7, 5;
S_000001434ff9df50 .scope module, "add4DP" "add" 3 26, 4 2 0, S_000001434ffdf9b0;
 .timescale -9 -10;
    .port_info 0 /INPUT 32 "value1";
    .port_info 1 /INPUT 32 "value2";
    .port_info 2 /OUTPUT 32 "out";
v000001434ffda280_0 .net "out", 31 0, L_0000014350040530;  alias, 1 drivers
v000001434ffda320_0 .net "value1", 31 0, v000001435003d2f0_0;  alias, 1 drivers
L_0000014350042098 .functor BUFT 1, C4<00000000000000000000000000000100>, C4<0>, C4<0>, C4<0>;
v000001434ffda3c0_0 .net "value2", 31 0, L_0000014350042098;  1 drivers
L_0000014350040530 .arith/sum 32, v000001435003d2f0_0, L_0000014350042098;
S_000001434ff9e0e0 .scope module, "addBranchDP" "add" 3 32, 4 2 0, S_000001434ffdf9b0;
 .timescale -9 -10;
    .port_info 0 /INPUT 32 "value1";
    .port_info 1 /INPUT 32 "value2";
    .port_info 2 /OUTPUT 32 "out";
v0000014350030a00_0 .net "out", 31 0, L_00000143500412f0;  alias, 1 drivers
v0000014350030820_0 .net "value1", 31 0, v000001435003d2f0_0;  alias, 1 drivers
v0000014350030b40_0 .net "value2", 31 0, v00000143500306e0_0;  alias, 1 drivers
L_00000143500412f0 .arith/sum 32, v000001435003d2f0_0, v00000143500306e0_0;
S_000001434ff9ccb0 .scope module, "aluControlDP" "aluControl" 3 46, 5 2 0, S_000001434ffdf9b0;
 .timescale -9 -10;
    .port_info 0 /INPUT 2 "ALUOp";
    .port_info 1 /INPUT 3 "funct3";
    .port_info 2 /OUTPUT 4 "aluControlreg";
v0000014350030140_0 .net "ALUOp", 1 0, v000001435002f380_0;  alias, 1 drivers
v000001435002fc40_0 .var "aluControlreg", 3 0;
v0000014350030640_0 .net "funct3", 2 0, L_0000014350040cb0;  1 drivers
E_000001434ffcdba0 .event anyedge, v0000014350030140_0, v0000014350030640_0;
S_000001434ff9ce40 .scope module, "aluDP" "alu" 3 38, 6 2 0, S_000001434ffdf9b0;
 .timescale -9 -10;
    .port_info 0 /INPUT 32 "aluInput1";
    .port_info 1 /INPUT 32 "aluInput2";
    .port_info 2 /INPUT 4 "aluControl";
    .port_info 3 /OUTPUT 32 "aluResult";
    .port_info 4 /OUTPUT 1 "aluZero";
L_00000143500420e0 .functor BUFT 1, C4<00000000000000000000000000000000>, C4<0>, C4<0>, C4<0>;
v0000014350030460_0 .net/2u *"_ivl_0", 31 0, L_00000143500420e0;  1 drivers
v000001435002f740_0 .net *"_ivl_2", 0 0, L_0000014350040fd0;  1 drivers
L_0000014350042128 .functor BUFT 1, C4<01>, C4<0>, C4<0>, C4<0>;
v000001435002fa60_0 .net/2s *"_ivl_4", 1 0, L_0000014350042128;  1 drivers
L_0000014350042170 .functor BUFT 1, C4<00>, C4<0>, C4<0>, C4<0>;
v00000143500308c0_0 .net/2s *"_ivl_6", 1 0, L_0000014350042170;  1 drivers
v000001435002f6a0_0 .net *"_ivl_8", 1 0, L_0000014350040a30;  1 drivers
v0000014350030dc0_0 .net "aluControl", 3 0, v000001435002fc40_0;  alias, 1 drivers
v00000143500300a0_0 .net "aluInput1", 31 0, v000001435003d430_0;  alias, 1 drivers
v0000014350030960_0 .net "aluInput2", 31 0, L_0000014350040ad0;  alias, 1 drivers
v000001435002f7e0_0 .var "aluResult", 31 0;
v0000014350030aa0_0 .net "aluZero", 0 0, L_0000014350040670;  alias, 1 drivers
E_000001434ffcce60 .event anyedge, v000001435002fc40_0, v00000143500300a0_0, v0000014350030960_0;
L_0000014350040fd0 .cmp/eq 32, v000001435002f7e0_0, L_00000143500420e0;
L_0000014350040a30 .functor MUXZ 2, L_0000014350042170, L_0000014350042128, L_0000014350040fd0, C4<>;
L_0000014350040670 .part L_0000014350040a30, 0, 1;
S_000001434ff980a0 .scope module, "controlDP" "control" 3 52, 7 2 0, S_000001434ffdf9b0;
 .timescale -9 -10;
    .port_info 0 /INPUT 7 "opcode";
    .port_info 1 /OUTPUT 1 "Branch";
    .port_info 2 /OUTPUT 1 "MemRead";
    .port_info 3 /OUTPUT 1 "MemtoReg";
    .port_info 4 /OUTPUT 1 "MemWrite";
    .port_info 5 /OUTPUT 1 "ALUSrc";
    .port_info 6 /OUTPUT 1 "RegWrite";
    .port_info 7 /OUTPUT 2 "ALUOp";
v000001435002f380_0 .var "ALUOp", 1 0;
v0000014350030f00_0 .var "ALUSrc", 0 0;
v00000143500301e0_0 .var "Branch", 0 0;
v0000014350030be0_0 .var "MemRead", 0 0;
v000001435002fec0_0 .var "MemWrite", 0 0;
v0000014350030c80_0 .var "MemtoReg", 0 0;
v0000014350030500_0 .var "RegWrite", 0 0;
v000001435002f600_0 .net "opcode", 6 0, L_0000014350041250;  1 drivers
v000001435002ff60_0 .var "outControl", 7 0;
E_000001434ffcd7a0 .event anyedge, v000001435002f600_0, v000001435002ff60_0;
S_000001434ff98230 .scope module, "dataMemoryDP" "dataMemory" 3 63, 8 2 0, S_000001434ffdf9b0;
 .timescale -9 -10;
    .port_info 0 /INPUT 1 "clock";
    .port_info 1 /INPUT 1 "reset";
    .port_info 2 /INPUT 32 "address";
    .port_info 3 /INPUT 32 "writeData";
    .port_info 4 /INPUT 1 "memRead";
    .port_info 5 /INPUT 1 "memWrite";
    .port_info 6 /OUTPUT 32 "readData";
v000001435002f560_0 .net "address", 31 0, v000001435002f7e0_0;  alias, 1 drivers
v000001435002f060_0 .net "clock", 0 0, v0000014350040990_0;  alias, 1 drivers
v000001435002fce0_0 .net "memRead", 0 0, v0000014350030be0_0;  alias, 1 drivers
v000001435002f880_0 .net "memWrite", 0 0, v000001435002fec0_0;  alias, 1 drivers
v0000014350030d20 .array "memory", 511 0, 31 0;
v0000014350030280_0 .var "readData", 31 0;
v000001435002f420_0 .net "reset", 0 0, v0000014350041c50_0;  alias, 1 drivers
v0000014350030e60_0 .var "temp", 31 0;
v00000143500305a0_0 .net "writeData", 31 0, v000001435003d610_0;  alias, 1 drivers
v0000014350030d20_0 .array/port v0000014350030d20, 0;
v0000014350030d20_1 .array/port v0000014350030d20, 1;
v0000014350030d20_2 .array/port v0000014350030d20, 2;
E_000001434ffcd3e0/0 .event anyedge, v000001435002f7e0_0, v0000014350030d20_0, v0000014350030d20_1, v0000014350030d20_2;
v0000014350030d20_3 .array/port v0000014350030d20, 3;
v0000014350030d20_4 .array/port v0000014350030d20, 4;
v0000014350030d20_5 .array/port v0000014350030d20, 5;
v0000014350030d20_6 .array/port v0000014350030d20, 6;
E_000001434ffcd3e0/1 .event anyedge, v0000014350030d20_3, v0000014350030d20_4, v0000014350030d20_5, v0000014350030d20_6;
v0000014350030d20_7 .array/port v0000014350030d20, 7;
v0000014350030d20_8 .array/port v0000014350030d20, 8;
v0000014350030d20_9 .array/port v0000014350030d20, 9;
v0000014350030d20_10 .array/port v0000014350030d20, 10;
E_000001434ffcd3e0/2 .event anyedge, v0000014350030d20_7, v0000014350030d20_8, v0000014350030d20_9, v0000014350030d20_10;
v0000014350030d20_11 .array/port v0000014350030d20, 11;
v0000014350030d20_12 .array/port v0000014350030d20, 12;
v0000014350030d20_13 .array/port v0000014350030d20, 13;
v0000014350030d20_14 .array/port v0000014350030d20, 14;
E_000001434ffcd3e0/3 .event anyedge, v0000014350030d20_11, v0000014350030d20_12, v0000014350030d20_13, v0000014350030d20_14;
v0000014350030d20_15 .array/port v0000014350030d20, 15;
v0000014350030d20_16 .array/port v0000014350030d20, 16;
v0000014350030d20_17 .array/port v0000014350030d20, 17;
v0000014350030d20_18 .array/port v0000014350030d20, 18;
E_000001434ffcd3e0/4 .event anyedge, v0000014350030d20_15, v0000014350030d20_16, v0000014350030d20_17, v0000014350030d20_18;
v0000014350030d20_19 .array/port v0000014350030d20, 19;
v0000014350030d20_20 .array/port v0000014350030d20, 20;
v0000014350030d20_21 .array/port v0000014350030d20, 21;
v0000014350030d20_22 .array/port v0000014350030d20, 22;
E_000001434ffcd3e0/5 .event anyedge, v0000014350030d20_19, v0000014350030d20_20, v0000014350030d20_21, v0000014350030d20_22;
v0000014350030d20_23 .array/port v0000014350030d20, 23;
v0000014350030d20_24 .array/port v0000014350030d20, 24;
v0000014350030d20_25 .array/port v0000014350030d20, 25;
v0000014350030d20_26 .array/port v0000014350030d20, 26;
E_000001434ffcd3e0/6 .event anyedge, v0000014350030d20_23, v0000014350030d20_24, v0000014350030d20_25, v0000014350030d20_26;
v0000014350030d20_27 .array/port v0000014350030d20, 27;
v0000014350030d20_28 .array/port v0000014350030d20, 28;
v0000014350030d20_29 .array/port v0000014350030d20, 29;
v0000014350030d20_30 .array/port v0000014350030d20, 30;
E_000001434ffcd3e0/7 .event anyedge, v0000014350030d20_27, v0000014350030d20_28, v0000014350030d20_29, v0000014350030d20_30;
v0000014350030d20_31 .array/port v0000014350030d20, 31;
v0000014350030d20_32 .array/port v0000014350030d20, 32;
v0000014350030d20_33 .array/port v0000014350030d20, 33;
v0000014350030d20_34 .array/port v0000014350030d20, 34;
E_000001434ffcd3e0/8 .event anyedge, v0000014350030d20_31, v0000014350030d20_32, v0000014350030d20_33, v0000014350030d20_34;
v0000014350030d20_35 .array/port v0000014350030d20, 35;
v0000014350030d20_36 .array/port v0000014350030d20, 36;
v0000014350030d20_37 .array/port v0000014350030d20, 37;
v0000014350030d20_38 .array/port v0000014350030d20, 38;
E_000001434ffcd3e0/9 .event anyedge, v0000014350030d20_35, v0000014350030d20_36, v0000014350030d20_37, v0000014350030d20_38;
v0000014350030d20_39 .array/port v0000014350030d20, 39;
v0000014350030d20_40 .array/port v0000014350030d20, 40;
v0000014350030d20_41 .array/port v0000014350030d20, 41;
v0000014350030d20_42 .array/port v0000014350030d20, 42;
E_000001434ffcd3e0/10 .event anyedge, v0000014350030d20_39, v0000014350030d20_40, v0000014350030d20_41, v0000014350030d20_42;
v0000014350030d20_43 .array/port v0000014350030d20, 43;
v0000014350030d20_44 .array/port v0000014350030d20, 44;
v0000014350030d20_45 .array/port v0000014350030d20, 45;
v0000014350030d20_46 .array/port v0000014350030d20, 46;
E_000001434ffcd3e0/11 .event anyedge, v0000014350030d20_43, v0000014350030d20_44, v0000014350030d20_45, v0000014350030d20_46;
v0000014350030d20_47 .array/port v0000014350030d20, 47;
v0000014350030d20_48 .array/port v0000014350030d20, 48;
v0000014350030d20_49 .array/port v0000014350030d20, 49;
v0000014350030d20_50 .array/port v0000014350030d20, 50;
E_000001434ffcd3e0/12 .event anyedge, v0000014350030d20_47, v0000014350030d20_48, v0000014350030d20_49, v0000014350030d20_50;
v0000014350030d20_51 .array/port v0000014350030d20, 51;
v0000014350030d20_52 .array/port v0000014350030d20, 52;
v0000014350030d20_53 .array/port v0000014350030d20, 53;
v0000014350030d20_54 .array/port v0000014350030d20, 54;
E_000001434ffcd3e0/13 .event anyedge, v0000014350030d20_51, v0000014350030d20_52, v0000014350030d20_53, v0000014350030d20_54;
v0000014350030d20_55 .array/port v0000014350030d20, 55;
v0000014350030d20_56 .array/port v0000014350030d20, 56;
v0000014350030d20_57 .array/port v0000014350030d20, 57;
v0000014350030d20_58 .array/port v0000014350030d20, 58;
E_000001434ffcd3e0/14 .event anyedge, v0000014350030d20_55, v0000014350030d20_56, v0000014350030d20_57, v0000014350030d20_58;
v0000014350030d20_59 .array/port v0000014350030d20, 59;
v0000014350030d20_60 .array/port v0000014350030d20, 60;
v0000014350030d20_61 .array/port v0000014350030d20, 61;
v0000014350030d20_62 .array/port v0000014350030d20, 62;
E_000001434ffcd3e0/15 .event anyedge, v0000014350030d20_59, v0000014350030d20_60, v0000014350030d20_61, v0000014350030d20_62;
v0000014350030d20_63 .array/port v0000014350030d20, 63;
v0000014350030d20_64 .array/port v0000014350030d20, 64;
v0000014350030d20_65 .array/port v0000014350030d20, 65;
v0000014350030d20_66 .array/port v0000014350030d20, 66;
E_000001434ffcd3e0/16 .event anyedge, v0000014350030d20_63, v0000014350030d20_64, v0000014350030d20_65, v0000014350030d20_66;
v0000014350030d20_67 .array/port v0000014350030d20, 67;
v0000014350030d20_68 .array/port v0000014350030d20, 68;
v0000014350030d20_69 .array/port v0000014350030d20, 69;
v0000014350030d20_70 .array/port v0000014350030d20, 70;
E_000001434ffcd3e0/17 .event anyedge, v0000014350030d20_67, v0000014350030d20_68, v0000014350030d20_69, v0000014350030d20_70;
v0000014350030d20_71 .array/port v0000014350030d20, 71;
v0000014350030d20_72 .array/port v0000014350030d20, 72;
v0000014350030d20_73 .array/port v0000014350030d20, 73;
v0000014350030d20_74 .array/port v0000014350030d20, 74;
E_000001434ffcd3e0/18 .event anyedge, v0000014350030d20_71, v0000014350030d20_72, v0000014350030d20_73, v0000014350030d20_74;
v0000014350030d20_75 .array/port v0000014350030d20, 75;
v0000014350030d20_76 .array/port v0000014350030d20, 76;
v0000014350030d20_77 .array/port v0000014350030d20, 77;
v0000014350030d20_78 .array/port v0000014350030d20, 78;
E_000001434ffcd3e0/19 .event anyedge, v0000014350030d20_75, v0000014350030d20_76, v0000014350030d20_77, v0000014350030d20_78;
v0000014350030d20_79 .array/port v0000014350030d20, 79;
v0000014350030d20_80 .array/port v0000014350030d20, 80;
v0000014350030d20_81 .array/port v0000014350030d20, 81;
v0000014350030d20_82 .array/port v0000014350030d20, 82;
E_000001434ffcd3e0/20 .event anyedge, v0000014350030d20_79, v0000014350030d20_80, v0000014350030d20_81, v0000014350030d20_82;
v0000014350030d20_83 .array/port v0000014350030d20, 83;
v0000014350030d20_84 .array/port v0000014350030d20, 84;
v0000014350030d20_85 .array/port v0000014350030d20, 85;
v0000014350030d20_86 .array/port v0000014350030d20, 86;
E_000001434ffcd3e0/21 .event anyedge, v0000014350030d20_83, v0000014350030d20_84, v0000014350030d20_85, v0000014350030d20_86;
v0000014350030d20_87 .array/port v0000014350030d20, 87;
v0000014350030d20_88 .array/port v0000014350030d20, 88;
v0000014350030d20_89 .array/port v0000014350030d20, 89;
v0000014350030d20_90 .array/port v0000014350030d20, 90;
E_000001434ffcd3e0/22 .event anyedge, v0000014350030d20_87, v0000014350030d20_88, v0000014350030d20_89, v0000014350030d20_90;
v0000014350030d20_91 .array/port v0000014350030d20, 91;
v0000014350030d20_92 .array/port v0000014350030d20, 92;
v0000014350030d20_93 .array/port v0000014350030d20, 93;
v0000014350030d20_94 .array/port v0000014350030d20, 94;
E_000001434ffcd3e0/23 .event anyedge, v0000014350030d20_91, v0000014350030d20_92, v0000014350030d20_93, v0000014350030d20_94;
v0000014350030d20_95 .array/port v0000014350030d20, 95;
v0000014350030d20_96 .array/port v0000014350030d20, 96;
v0000014350030d20_97 .array/port v0000014350030d20, 97;
v0000014350030d20_98 .array/port v0000014350030d20, 98;
E_000001434ffcd3e0/24 .event anyedge, v0000014350030d20_95, v0000014350030d20_96, v0000014350030d20_97, v0000014350030d20_98;
v0000014350030d20_99 .array/port v0000014350030d20, 99;
v0000014350030d20_100 .array/port v0000014350030d20, 100;
v0000014350030d20_101 .array/port v0000014350030d20, 101;
v0000014350030d20_102 .array/port v0000014350030d20, 102;
E_000001434ffcd3e0/25 .event anyedge, v0000014350030d20_99, v0000014350030d20_100, v0000014350030d20_101, v0000014350030d20_102;
v0000014350030d20_103 .array/port v0000014350030d20, 103;
v0000014350030d20_104 .array/port v0000014350030d20, 104;
v0000014350030d20_105 .array/port v0000014350030d20, 105;
v0000014350030d20_106 .array/port v0000014350030d20, 106;
E_000001434ffcd3e0/26 .event anyedge, v0000014350030d20_103, v0000014350030d20_104, v0000014350030d20_105, v0000014350030d20_106;
v0000014350030d20_107 .array/port v0000014350030d20, 107;
v0000014350030d20_108 .array/port v0000014350030d20, 108;
v0000014350030d20_109 .array/port v0000014350030d20, 109;
v0000014350030d20_110 .array/port v0000014350030d20, 110;
E_000001434ffcd3e0/27 .event anyedge, v0000014350030d20_107, v0000014350030d20_108, v0000014350030d20_109, v0000014350030d20_110;
v0000014350030d20_111 .array/port v0000014350030d20, 111;
v0000014350030d20_112 .array/port v0000014350030d20, 112;
v0000014350030d20_113 .array/port v0000014350030d20, 113;
v0000014350030d20_114 .array/port v0000014350030d20, 114;
E_000001434ffcd3e0/28 .event anyedge, v0000014350030d20_111, v0000014350030d20_112, v0000014350030d20_113, v0000014350030d20_114;
v0000014350030d20_115 .array/port v0000014350030d20, 115;
v0000014350030d20_116 .array/port v0000014350030d20, 116;
v0000014350030d20_117 .array/port v0000014350030d20, 117;
v0000014350030d20_118 .array/port v0000014350030d20, 118;
E_000001434ffcd3e0/29 .event anyedge, v0000014350030d20_115, v0000014350030d20_116, v0000014350030d20_117, v0000014350030d20_118;
v0000014350030d20_119 .array/port v0000014350030d20, 119;
v0000014350030d20_120 .array/port v0000014350030d20, 120;
v0000014350030d20_121 .array/port v0000014350030d20, 121;
v0000014350030d20_122 .array/port v0000014350030d20, 122;
E_000001434ffcd3e0/30 .event anyedge, v0000014350030d20_119, v0000014350030d20_120, v0000014350030d20_121, v0000014350030d20_122;
v0000014350030d20_123 .array/port v0000014350030d20, 123;
v0000014350030d20_124 .array/port v0000014350030d20, 124;
v0000014350030d20_125 .array/port v0000014350030d20, 125;
v0000014350030d20_126 .array/port v0000014350030d20, 126;
E_000001434ffcd3e0/31 .event anyedge, v0000014350030d20_123, v0000014350030d20_124, v0000014350030d20_125, v0000014350030d20_126;
v0000014350030d20_127 .array/port v0000014350030d20, 127;
v0000014350030d20_128 .array/port v0000014350030d20, 128;
v0000014350030d20_129 .array/port v0000014350030d20, 129;
v0000014350030d20_130 .array/port v0000014350030d20, 130;
E_000001434ffcd3e0/32 .event anyedge, v0000014350030d20_127, v0000014350030d20_128, v0000014350030d20_129, v0000014350030d20_130;
v0000014350030d20_131 .array/port v0000014350030d20, 131;
v0000014350030d20_132 .array/port v0000014350030d20, 132;
v0000014350030d20_133 .array/port v0000014350030d20, 133;
v0000014350030d20_134 .array/port v0000014350030d20, 134;
E_000001434ffcd3e0/33 .event anyedge, v0000014350030d20_131, v0000014350030d20_132, v0000014350030d20_133, v0000014350030d20_134;
v0000014350030d20_135 .array/port v0000014350030d20, 135;
v0000014350030d20_136 .array/port v0000014350030d20, 136;
v0000014350030d20_137 .array/port v0000014350030d20, 137;
v0000014350030d20_138 .array/port v0000014350030d20, 138;
E_000001434ffcd3e0/34 .event anyedge, v0000014350030d20_135, v0000014350030d20_136, v0000014350030d20_137, v0000014350030d20_138;
v0000014350030d20_139 .array/port v0000014350030d20, 139;
v0000014350030d20_140 .array/port v0000014350030d20, 140;
v0000014350030d20_141 .array/port v0000014350030d20, 141;
v0000014350030d20_142 .array/port v0000014350030d20, 142;
E_000001434ffcd3e0/35 .event anyedge, v0000014350030d20_139, v0000014350030d20_140, v0000014350030d20_141, v0000014350030d20_142;
v0000014350030d20_143 .array/port v0000014350030d20, 143;
v0000014350030d20_144 .array/port v0000014350030d20, 144;
v0000014350030d20_145 .array/port v0000014350030d20, 145;
v0000014350030d20_146 .array/port v0000014350030d20, 146;
E_000001434ffcd3e0/36 .event anyedge, v0000014350030d20_143, v0000014350030d20_144, v0000014350030d20_145, v0000014350030d20_146;
v0000014350030d20_147 .array/port v0000014350030d20, 147;
v0000014350030d20_148 .array/port v0000014350030d20, 148;
v0000014350030d20_149 .array/port v0000014350030d20, 149;
v0000014350030d20_150 .array/port v0000014350030d20, 150;
E_000001434ffcd3e0/37 .event anyedge, v0000014350030d20_147, v0000014350030d20_148, v0000014350030d20_149, v0000014350030d20_150;
v0000014350030d20_151 .array/port v0000014350030d20, 151;
v0000014350030d20_152 .array/port v0000014350030d20, 152;
v0000014350030d20_153 .array/port v0000014350030d20, 153;
v0000014350030d20_154 .array/port v0000014350030d20, 154;
E_000001434ffcd3e0/38 .event anyedge, v0000014350030d20_151, v0000014350030d20_152, v0000014350030d20_153, v0000014350030d20_154;
v0000014350030d20_155 .array/port v0000014350030d20, 155;
v0000014350030d20_156 .array/port v0000014350030d20, 156;
v0000014350030d20_157 .array/port v0000014350030d20, 157;
v0000014350030d20_158 .array/port v0000014350030d20, 158;
E_000001434ffcd3e0/39 .event anyedge, v0000014350030d20_155, v0000014350030d20_156, v0000014350030d20_157, v0000014350030d20_158;
v0000014350030d20_159 .array/port v0000014350030d20, 159;
v0000014350030d20_160 .array/port v0000014350030d20, 160;
v0000014350030d20_161 .array/port v0000014350030d20, 161;
v0000014350030d20_162 .array/port v0000014350030d20, 162;
E_000001434ffcd3e0/40 .event anyedge, v0000014350030d20_159, v0000014350030d20_160, v0000014350030d20_161, v0000014350030d20_162;
v0000014350030d20_163 .array/port v0000014350030d20, 163;
v0000014350030d20_164 .array/port v0000014350030d20, 164;
v0000014350030d20_165 .array/port v0000014350030d20, 165;
v0000014350030d20_166 .array/port v0000014350030d20, 166;
E_000001434ffcd3e0/41 .event anyedge, v0000014350030d20_163, v0000014350030d20_164, v0000014350030d20_165, v0000014350030d20_166;
v0000014350030d20_167 .array/port v0000014350030d20, 167;
v0000014350030d20_168 .array/port v0000014350030d20, 168;
v0000014350030d20_169 .array/port v0000014350030d20, 169;
v0000014350030d20_170 .array/port v0000014350030d20, 170;
E_000001434ffcd3e0/42 .event anyedge, v0000014350030d20_167, v0000014350030d20_168, v0000014350030d20_169, v0000014350030d20_170;
v0000014350030d20_171 .array/port v0000014350030d20, 171;
v0000014350030d20_172 .array/port v0000014350030d20, 172;
v0000014350030d20_173 .array/port v0000014350030d20, 173;
v0000014350030d20_174 .array/port v0000014350030d20, 174;
E_000001434ffcd3e0/43 .event anyedge, v0000014350030d20_171, v0000014350030d20_172, v0000014350030d20_173, v0000014350030d20_174;
v0000014350030d20_175 .array/port v0000014350030d20, 175;
v0000014350030d20_176 .array/port v0000014350030d20, 176;
v0000014350030d20_177 .array/port v0000014350030d20, 177;
v0000014350030d20_178 .array/port v0000014350030d20, 178;
E_000001434ffcd3e0/44 .event anyedge, v0000014350030d20_175, v0000014350030d20_176, v0000014350030d20_177, v0000014350030d20_178;
v0000014350030d20_179 .array/port v0000014350030d20, 179;
v0000014350030d20_180 .array/port v0000014350030d20, 180;
v0000014350030d20_181 .array/port v0000014350030d20, 181;
v0000014350030d20_182 .array/port v0000014350030d20, 182;
E_000001434ffcd3e0/45 .event anyedge, v0000014350030d20_179, v0000014350030d20_180, v0000014350030d20_181, v0000014350030d20_182;
v0000014350030d20_183 .array/port v0000014350030d20, 183;
v0000014350030d20_184 .array/port v0000014350030d20, 184;
v0000014350030d20_185 .array/port v0000014350030d20, 185;
v0000014350030d20_186 .array/port v0000014350030d20, 186;
E_000001434ffcd3e0/46 .event anyedge, v0000014350030d20_183, v0000014350030d20_184, v0000014350030d20_185, v0000014350030d20_186;
v0000014350030d20_187 .array/port v0000014350030d20, 187;
v0000014350030d20_188 .array/port v0000014350030d20, 188;
v0000014350030d20_189 .array/port v0000014350030d20, 189;
v0000014350030d20_190 .array/port v0000014350030d20, 190;
E_000001434ffcd3e0/47 .event anyedge, v0000014350030d20_187, v0000014350030d20_188, v0000014350030d20_189, v0000014350030d20_190;
v0000014350030d20_191 .array/port v0000014350030d20, 191;
v0000014350030d20_192 .array/port v0000014350030d20, 192;
v0000014350030d20_193 .array/port v0000014350030d20, 193;
v0000014350030d20_194 .array/port v0000014350030d20, 194;
E_000001434ffcd3e0/48 .event anyedge, v0000014350030d20_191, v0000014350030d20_192, v0000014350030d20_193, v0000014350030d20_194;
v0000014350030d20_195 .array/port v0000014350030d20, 195;
v0000014350030d20_196 .array/port v0000014350030d20, 196;
v0000014350030d20_197 .array/port v0000014350030d20, 197;
v0000014350030d20_198 .array/port v0000014350030d20, 198;
E_000001434ffcd3e0/49 .event anyedge, v0000014350030d20_195, v0000014350030d20_196, v0000014350030d20_197, v0000014350030d20_198;
v0000014350030d20_199 .array/port v0000014350030d20, 199;
v0000014350030d20_200 .array/port v0000014350030d20, 200;
v0000014350030d20_201 .array/port v0000014350030d20, 201;
v0000014350030d20_202 .array/port v0000014350030d20, 202;
E_000001434ffcd3e0/50 .event anyedge, v0000014350030d20_199, v0000014350030d20_200, v0000014350030d20_201, v0000014350030d20_202;
v0000014350030d20_203 .array/port v0000014350030d20, 203;
v0000014350030d20_204 .array/port v0000014350030d20, 204;
v0000014350030d20_205 .array/port v0000014350030d20, 205;
v0000014350030d20_206 .array/port v0000014350030d20, 206;
E_000001434ffcd3e0/51 .event anyedge, v0000014350030d20_203, v0000014350030d20_204, v0000014350030d20_205, v0000014350030d20_206;
v0000014350030d20_207 .array/port v0000014350030d20, 207;
v0000014350030d20_208 .array/port v0000014350030d20, 208;
v0000014350030d20_209 .array/port v0000014350030d20, 209;
v0000014350030d20_210 .array/port v0000014350030d20, 210;
E_000001434ffcd3e0/52 .event anyedge, v0000014350030d20_207, v0000014350030d20_208, v0000014350030d20_209, v0000014350030d20_210;
v0000014350030d20_211 .array/port v0000014350030d20, 211;
v0000014350030d20_212 .array/port v0000014350030d20, 212;
v0000014350030d20_213 .array/port v0000014350030d20, 213;
v0000014350030d20_214 .array/port v0000014350030d20, 214;
E_000001434ffcd3e0/53 .event anyedge, v0000014350030d20_211, v0000014350030d20_212, v0000014350030d20_213, v0000014350030d20_214;
v0000014350030d20_215 .array/port v0000014350030d20, 215;
v0000014350030d20_216 .array/port v0000014350030d20, 216;
v0000014350030d20_217 .array/port v0000014350030d20, 217;
v0000014350030d20_218 .array/port v0000014350030d20, 218;
E_000001434ffcd3e0/54 .event anyedge, v0000014350030d20_215, v0000014350030d20_216, v0000014350030d20_217, v0000014350030d20_218;
v0000014350030d20_219 .array/port v0000014350030d20, 219;
v0000014350030d20_220 .array/port v0000014350030d20, 220;
v0000014350030d20_221 .array/port v0000014350030d20, 221;
v0000014350030d20_222 .array/port v0000014350030d20, 222;
E_000001434ffcd3e0/55 .event anyedge, v0000014350030d20_219, v0000014350030d20_220, v0000014350030d20_221, v0000014350030d20_222;
v0000014350030d20_223 .array/port v0000014350030d20, 223;
v0000014350030d20_224 .array/port v0000014350030d20, 224;
v0000014350030d20_225 .array/port v0000014350030d20, 225;
v0000014350030d20_226 .array/port v0000014350030d20, 226;
E_000001434ffcd3e0/56 .event anyedge, v0000014350030d20_223, v0000014350030d20_224, v0000014350030d20_225, v0000014350030d20_226;
v0000014350030d20_227 .array/port v0000014350030d20, 227;
v0000014350030d20_228 .array/port v0000014350030d20, 228;
v0000014350030d20_229 .array/port v0000014350030d20, 229;
v0000014350030d20_230 .array/port v0000014350030d20, 230;
E_000001434ffcd3e0/57 .event anyedge, v0000014350030d20_227, v0000014350030d20_228, v0000014350030d20_229, v0000014350030d20_230;
v0000014350030d20_231 .array/port v0000014350030d20, 231;
v0000014350030d20_232 .array/port v0000014350030d20, 232;
v0000014350030d20_233 .array/port v0000014350030d20, 233;
v0000014350030d20_234 .array/port v0000014350030d20, 234;
E_000001434ffcd3e0/58 .event anyedge, v0000014350030d20_231, v0000014350030d20_232, v0000014350030d20_233, v0000014350030d20_234;
v0000014350030d20_235 .array/port v0000014350030d20, 235;
v0000014350030d20_236 .array/port v0000014350030d20, 236;
v0000014350030d20_237 .array/port v0000014350030d20, 237;
v0000014350030d20_238 .array/port v0000014350030d20, 238;
E_000001434ffcd3e0/59 .event anyedge, v0000014350030d20_235, v0000014350030d20_236, v0000014350030d20_237, v0000014350030d20_238;
v0000014350030d20_239 .array/port v0000014350030d20, 239;
v0000014350030d20_240 .array/port v0000014350030d20, 240;
v0000014350030d20_241 .array/port v0000014350030d20, 241;
v0000014350030d20_242 .array/port v0000014350030d20, 242;
E_000001434ffcd3e0/60 .event anyedge, v0000014350030d20_239, v0000014350030d20_240, v0000014350030d20_241, v0000014350030d20_242;
v0000014350030d20_243 .array/port v0000014350030d20, 243;
v0000014350030d20_244 .array/port v0000014350030d20, 244;
v0000014350030d20_245 .array/port v0000014350030d20, 245;
v0000014350030d20_246 .array/port v0000014350030d20, 246;
E_000001434ffcd3e0/61 .event anyedge, v0000014350030d20_243, v0000014350030d20_244, v0000014350030d20_245, v0000014350030d20_246;
v0000014350030d20_247 .array/port v0000014350030d20, 247;
v0000014350030d20_248 .array/port v0000014350030d20, 248;
v0000014350030d20_249 .array/port v0000014350030d20, 249;
v0000014350030d20_250 .array/port v0000014350030d20, 250;
E_000001434ffcd3e0/62 .event anyedge, v0000014350030d20_247, v0000014350030d20_248, v0000014350030d20_249, v0000014350030d20_250;
v0000014350030d20_251 .array/port v0000014350030d20, 251;
v0000014350030d20_252 .array/port v0000014350030d20, 252;
v0000014350030d20_253 .array/port v0000014350030d20, 253;
v0000014350030d20_254 .array/port v0000014350030d20, 254;
E_000001434ffcd3e0/63 .event anyedge, v0000014350030d20_251, v0000014350030d20_252, v0000014350030d20_253, v0000014350030d20_254;
v0000014350030d20_255 .array/port v0000014350030d20, 255;
v0000014350030d20_256 .array/port v0000014350030d20, 256;
v0000014350030d20_257 .array/port v0000014350030d20, 257;
v0000014350030d20_258 .array/port v0000014350030d20, 258;
E_000001434ffcd3e0/64 .event anyedge, v0000014350030d20_255, v0000014350030d20_256, v0000014350030d20_257, v0000014350030d20_258;
v0000014350030d20_259 .array/port v0000014350030d20, 259;
v0000014350030d20_260 .array/port v0000014350030d20, 260;
v0000014350030d20_261 .array/port v0000014350030d20, 261;
v0000014350030d20_262 .array/port v0000014350030d20, 262;
E_000001434ffcd3e0/65 .event anyedge, v0000014350030d20_259, v0000014350030d20_260, v0000014350030d20_261, v0000014350030d20_262;
v0000014350030d20_263 .array/port v0000014350030d20, 263;
v0000014350030d20_264 .array/port v0000014350030d20, 264;
v0000014350030d20_265 .array/port v0000014350030d20, 265;
v0000014350030d20_266 .array/port v0000014350030d20, 266;
E_000001434ffcd3e0/66 .event anyedge, v0000014350030d20_263, v0000014350030d20_264, v0000014350030d20_265, v0000014350030d20_266;
v0000014350030d20_267 .array/port v0000014350030d20, 267;
v0000014350030d20_268 .array/port v0000014350030d20, 268;
v0000014350030d20_269 .array/port v0000014350030d20, 269;
v0000014350030d20_270 .array/port v0000014350030d20, 270;
E_000001434ffcd3e0/67 .event anyedge, v0000014350030d20_267, v0000014350030d20_268, v0000014350030d20_269, v0000014350030d20_270;
v0000014350030d20_271 .array/port v0000014350030d20, 271;
v0000014350030d20_272 .array/port v0000014350030d20, 272;
v0000014350030d20_273 .array/port v0000014350030d20, 273;
v0000014350030d20_274 .array/port v0000014350030d20, 274;
E_000001434ffcd3e0/68 .event anyedge, v0000014350030d20_271, v0000014350030d20_272, v0000014350030d20_273, v0000014350030d20_274;
v0000014350030d20_275 .array/port v0000014350030d20, 275;
v0000014350030d20_276 .array/port v0000014350030d20, 276;
v0000014350030d20_277 .array/port v0000014350030d20, 277;
v0000014350030d20_278 .array/port v0000014350030d20, 278;
E_000001434ffcd3e0/69 .event anyedge, v0000014350030d20_275, v0000014350030d20_276, v0000014350030d20_277, v0000014350030d20_278;
v0000014350030d20_279 .array/port v0000014350030d20, 279;
v0000014350030d20_280 .array/port v0000014350030d20, 280;
v0000014350030d20_281 .array/port v0000014350030d20, 281;
v0000014350030d20_282 .array/port v0000014350030d20, 282;
E_000001434ffcd3e0/70 .event anyedge, v0000014350030d20_279, v0000014350030d20_280, v0000014350030d20_281, v0000014350030d20_282;
v0000014350030d20_283 .array/port v0000014350030d20, 283;
v0000014350030d20_284 .array/port v0000014350030d20, 284;
v0000014350030d20_285 .array/port v0000014350030d20, 285;
v0000014350030d20_286 .array/port v0000014350030d20, 286;
E_000001434ffcd3e0/71 .event anyedge, v0000014350030d20_283, v0000014350030d20_284, v0000014350030d20_285, v0000014350030d20_286;
v0000014350030d20_287 .array/port v0000014350030d20, 287;
v0000014350030d20_288 .array/port v0000014350030d20, 288;
v0000014350030d20_289 .array/port v0000014350030d20, 289;
v0000014350030d20_290 .array/port v0000014350030d20, 290;
E_000001434ffcd3e0/72 .event anyedge, v0000014350030d20_287, v0000014350030d20_288, v0000014350030d20_289, v0000014350030d20_290;
v0000014350030d20_291 .array/port v0000014350030d20, 291;
v0000014350030d20_292 .array/port v0000014350030d20, 292;
v0000014350030d20_293 .array/port v0000014350030d20, 293;
v0000014350030d20_294 .array/port v0000014350030d20, 294;
E_000001434ffcd3e0/73 .event anyedge, v0000014350030d20_291, v0000014350030d20_292, v0000014350030d20_293, v0000014350030d20_294;
v0000014350030d20_295 .array/port v0000014350030d20, 295;
v0000014350030d20_296 .array/port v0000014350030d20, 296;
v0000014350030d20_297 .array/port v0000014350030d20, 297;
v0000014350030d20_298 .array/port v0000014350030d20, 298;
E_000001434ffcd3e0/74 .event anyedge, v0000014350030d20_295, v0000014350030d20_296, v0000014350030d20_297, v0000014350030d20_298;
v0000014350030d20_299 .array/port v0000014350030d20, 299;
v0000014350030d20_300 .array/port v0000014350030d20, 300;
v0000014350030d20_301 .array/port v0000014350030d20, 301;
v0000014350030d20_302 .array/port v0000014350030d20, 302;
E_000001434ffcd3e0/75 .event anyedge, v0000014350030d20_299, v0000014350030d20_300, v0000014350030d20_301, v0000014350030d20_302;
v0000014350030d20_303 .array/port v0000014350030d20, 303;
v0000014350030d20_304 .array/port v0000014350030d20, 304;
v0000014350030d20_305 .array/port v0000014350030d20, 305;
v0000014350030d20_306 .array/port v0000014350030d20, 306;
E_000001434ffcd3e0/76 .event anyedge, v0000014350030d20_303, v0000014350030d20_304, v0000014350030d20_305, v0000014350030d20_306;
v0000014350030d20_307 .array/port v0000014350030d20, 307;
v0000014350030d20_308 .array/port v0000014350030d20, 308;
v0000014350030d20_309 .array/port v0000014350030d20, 309;
v0000014350030d20_310 .array/port v0000014350030d20, 310;
E_000001434ffcd3e0/77 .event anyedge, v0000014350030d20_307, v0000014350030d20_308, v0000014350030d20_309, v0000014350030d20_310;
v0000014350030d20_311 .array/port v0000014350030d20, 311;
v0000014350030d20_312 .array/port v0000014350030d20, 312;
v0000014350030d20_313 .array/port v0000014350030d20, 313;
v0000014350030d20_314 .array/port v0000014350030d20, 314;
E_000001434ffcd3e0/78 .event anyedge, v0000014350030d20_311, v0000014350030d20_312, v0000014350030d20_313, v0000014350030d20_314;
v0000014350030d20_315 .array/port v0000014350030d20, 315;
v0000014350030d20_316 .array/port v0000014350030d20, 316;
v0000014350030d20_317 .array/port v0000014350030d20, 317;
v0000014350030d20_318 .array/port v0000014350030d20, 318;
E_000001434ffcd3e0/79 .event anyedge, v0000014350030d20_315, v0000014350030d20_316, v0000014350030d20_317, v0000014350030d20_318;
v0000014350030d20_319 .array/port v0000014350030d20, 319;
v0000014350030d20_320 .array/port v0000014350030d20, 320;
v0000014350030d20_321 .array/port v0000014350030d20, 321;
v0000014350030d20_322 .array/port v0000014350030d20, 322;
E_000001434ffcd3e0/80 .event anyedge, v0000014350030d20_319, v0000014350030d20_320, v0000014350030d20_321, v0000014350030d20_322;
v0000014350030d20_323 .array/port v0000014350030d20, 323;
v0000014350030d20_324 .array/port v0000014350030d20, 324;
v0000014350030d20_325 .array/port v0000014350030d20, 325;
v0000014350030d20_326 .array/port v0000014350030d20, 326;
E_000001434ffcd3e0/81 .event anyedge, v0000014350030d20_323, v0000014350030d20_324, v0000014350030d20_325, v0000014350030d20_326;
v0000014350030d20_327 .array/port v0000014350030d20, 327;
v0000014350030d20_328 .array/port v0000014350030d20, 328;
v0000014350030d20_329 .array/port v0000014350030d20, 329;
v0000014350030d20_330 .array/port v0000014350030d20, 330;
E_000001434ffcd3e0/82 .event anyedge, v0000014350030d20_327, v0000014350030d20_328, v0000014350030d20_329, v0000014350030d20_330;
v0000014350030d20_331 .array/port v0000014350030d20, 331;
v0000014350030d20_332 .array/port v0000014350030d20, 332;
v0000014350030d20_333 .array/port v0000014350030d20, 333;
v0000014350030d20_334 .array/port v0000014350030d20, 334;
E_000001434ffcd3e0/83 .event anyedge, v0000014350030d20_331, v0000014350030d20_332, v0000014350030d20_333, v0000014350030d20_334;
v0000014350030d20_335 .array/port v0000014350030d20, 335;
v0000014350030d20_336 .array/port v0000014350030d20, 336;
v0000014350030d20_337 .array/port v0000014350030d20, 337;
v0000014350030d20_338 .array/port v0000014350030d20, 338;
E_000001434ffcd3e0/84 .event anyedge, v0000014350030d20_335, v0000014350030d20_336, v0000014350030d20_337, v0000014350030d20_338;
v0000014350030d20_339 .array/port v0000014350030d20, 339;
v0000014350030d20_340 .array/port v0000014350030d20, 340;
v0000014350030d20_341 .array/port v0000014350030d20, 341;
v0000014350030d20_342 .array/port v0000014350030d20, 342;
E_000001434ffcd3e0/85 .event anyedge, v0000014350030d20_339, v0000014350030d20_340, v0000014350030d20_341, v0000014350030d20_342;
v0000014350030d20_343 .array/port v0000014350030d20, 343;
v0000014350030d20_344 .array/port v0000014350030d20, 344;
v0000014350030d20_345 .array/port v0000014350030d20, 345;
v0000014350030d20_346 .array/port v0000014350030d20, 346;
E_000001434ffcd3e0/86 .event anyedge, v0000014350030d20_343, v0000014350030d20_344, v0000014350030d20_345, v0000014350030d20_346;
v0000014350030d20_347 .array/port v0000014350030d20, 347;
v0000014350030d20_348 .array/port v0000014350030d20, 348;
v0000014350030d20_349 .array/port v0000014350030d20, 349;
v0000014350030d20_350 .array/port v0000014350030d20, 350;
E_000001434ffcd3e0/87 .event anyedge, v0000014350030d20_347, v0000014350030d20_348, v0000014350030d20_349, v0000014350030d20_350;
v0000014350030d20_351 .array/port v0000014350030d20, 351;
v0000014350030d20_352 .array/port v0000014350030d20, 352;
v0000014350030d20_353 .array/port v0000014350030d20, 353;
v0000014350030d20_354 .array/port v0000014350030d20, 354;
E_000001434ffcd3e0/88 .event anyedge, v0000014350030d20_351, v0000014350030d20_352, v0000014350030d20_353, v0000014350030d20_354;
v0000014350030d20_355 .array/port v0000014350030d20, 355;
v0000014350030d20_356 .array/port v0000014350030d20, 356;
v0000014350030d20_357 .array/port v0000014350030d20, 357;
v0000014350030d20_358 .array/port v0000014350030d20, 358;
E_000001434ffcd3e0/89 .event anyedge, v0000014350030d20_355, v0000014350030d20_356, v0000014350030d20_357, v0000014350030d20_358;
v0000014350030d20_359 .array/port v0000014350030d20, 359;
v0000014350030d20_360 .array/port v0000014350030d20, 360;
v0000014350030d20_361 .array/port v0000014350030d20, 361;
v0000014350030d20_362 .array/port v0000014350030d20, 362;
E_000001434ffcd3e0/90 .event anyedge, v0000014350030d20_359, v0000014350030d20_360, v0000014350030d20_361, v0000014350030d20_362;
v0000014350030d20_363 .array/port v0000014350030d20, 363;
v0000014350030d20_364 .array/port v0000014350030d20, 364;
v0000014350030d20_365 .array/port v0000014350030d20, 365;
v0000014350030d20_366 .array/port v0000014350030d20, 366;
E_000001434ffcd3e0/91 .event anyedge, v0000014350030d20_363, v0000014350030d20_364, v0000014350030d20_365, v0000014350030d20_366;
v0000014350030d20_367 .array/port v0000014350030d20, 367;
v0000014350030d20_368 .array/port v0000014350030d20, 368;
v0000014350030d20_369 .array/port v0000014350030d20, 369;
v0000014350030d20_370 .array/port v0000014350030d20, 370;
E_000001434ffcd3e0/92 .event anyedge, v0000014350030d20_367, v0000014350030d20_368, v0000014350030d20_369, v0000014350030d20_370;
v0000014350030d20_371 .array/port v0000014350030d20, 371;
v0000014350030d20_372 .array/port v0000014350030d20, 372;
v0000014350030d20_373 .array/port v0000014350030d20, 373;
v0000014350030d20_374 .array/port v0000014350030d20, 374;
E_000001434ffcd3e0/93 .event anyedge, v0000014350030d20_371, v0000014350030d20_372, v0000014350030d20_373, v0000014350030d20_374;
v0000014350030d20_375 .array/port v0000014350030d20, 375;
v0000014350030d20_376 .array/port v0000014350030d20, 376;
v0000014350030d20_377 .array/port v0000014350030d20, 377;
v0000014350030d20_378 .array/port v0000014350030d20, 378;
E_000001434ffcd3e0/94 .event anyedge, v0000014350030d20_375, v0000014350030d20_376, v0000014350030d20_377, v0000014350030d20_378;
v0000014350030d20_379 .array/port v0000014350030d20, 379;
v0000014350030d20_380 .array/port v0000014350030d20, 380;
v0000014350030d20_381 .array/port v0000014350030d20, 381;
v0000014350030d20_382 .array/port v0000014350030d20, 382;
E_000001434ffcd3e0/95 .event anyedge, v0000014350030d20_379, v0000014350030d20_380, v0000014350030d20_381, v0000014350030d20_382;
v0000014350030d20_383 .array/port v0000014350030d20, 383;
v0000014350030d20_384 .array/port v0000014350030d20, 384;
v0000014350030d20_385 .array/port v0000014350030d20, 385;
v0000014350030d20_386 .array/port v0000014350030d20, 386;
E_000001434ffcd3e0/96 .event anyedge, v0000014350030d20_383, v0000014350030d20_384, v0000014350030d20_385, v0000014350030d20_386;
v0000014350030d20_387 .array/port v0000014350030d20, 387;
v0000014350030d20_388 .array/port v0000014350030d20, 388;
v0000014350030d20_389 .array/port v0000014350030d20, 389;
v0000014350030d20_390 .array/port v0000014350030d20, 390;
E_000001434ffcd3e0/97 .event anyedge, v0000014350030d20_387, v0000014350030d20_388, v0000014350030d20_389, v0000014350030d20_390;
v0000014350030d20_391 .array/port v0000014350030d20, 391;
v0000014350030d20_392 .array/port v0000014350030d20, 392;
v0000014350030d20_393 .array/port v0000014350030d20, 393;
v0000014350030d20_394 .array/port v0000014350030d20, 394;
E_000001434ffcd3e0/98 .event anyedge, v0000014350030d20_391, v0000014350030d20_392, v0000014350030d20_393, v0000014350030d20_394;
v0000014350030d20_395 .array/port v0000014350030d20, 395;
v0000014350030d20_396 .array/port v0000014350030d20, 396;
v0000014350030d20_397 .array/port v0000014350030d20, 397;
v0000014350030d20_398 .array/port v0000014350030d20, 398;
E_000001434ffcd3e0/99 .event anyedge, v0000014350030d20_395, v0000014350030d20_396, v0000014350030d20_397, v0000014350030d20_398;
v0000014350030d20_399 .array/port v0000014350030d20, 399;
v0000014350030d20_400 .array/port v0000014350030d20, 400;
v0000014350030d20_401 .array/port v0000014350030d20, 401;
v0000014350030d20_402 .array/port v0000014350030d20, 402;
E_000001434ffcd3e0/100 .event anyedge, v0000014350030d20_399, v0000014350030d20_400, v0000014350030d20_401, v0000014350030d20_402;
v0000014350030d20_403 .array/port v0000014350030d20, 403;
v0000014350030d20_404 .array/port v0000014350030d20, 404;
v0000014350030d20_405 .array/port v0000014350030d20, 405;
v0000014350030d20_406 .array/port v0000014350030d20, 406;
E_000001434ffcd3e0/101 .event anyedge, v0000014350030d20_403, v0000014350030d20_404, v0000014350030d20_405, v0000014350030d20_406;
v0000014350030d20_407 .array/port v0000014350030d20, 407;
v0000014350030d20_408 .array/port v0000014350030d20, 408;
v0000014350030d20_409 .array/port v0000014350030d20, 409;
v0000014350030d20_410 .array/port v0000014350030d20, 410;
E_000001434ffcd3e0/102 .event anyedge, v0000014350030d20_407, v0000014350030d20_408, v0000014350030d20_409, v0000014350030d20_410;
v0000014350030d20_411 .array/port v0000014350030d20, 411;
v0000014350030d20_412 .array/port v0000014350030d20, 412;
v0000014350030d20_413 .array/port v0000014350030d20, 413;
v0000014350030d20_414 .array/port v0000014350030d20, 414;
E_000001434ffcd3e0/103 .event anyedge, v0000014350030d20_411, v0000014350030d20_412, v0000014350030d20_413, v0000014350030d20_414;
v0000014350030d20_415 .array/port v0000014350030d20, 415;
v0000014350030d20_416 .array/port v0000014350030d20, 416;
v0000014350030d20_417 .array/port v0000014350030d20, 417;
v0000014350030d20_418 .array/port v0000014350030d20, 418;
E_000001434ffcd3e0/104 .event anyedge, v0000014350030d20_415, v0000014350030d20_416, v0000014350030d20_417, v0000014350030d20_418;
v0000014350030d20_419 .array/port v0000014350030d20, 419;
v0000014350030d20_420 .array/port v0000014350030d20, 420;
v0000014350030d20_421 .array/port v0000014350030d20, 421;
v0000014350030d20_422 .array/port v0000014350030d20, 422;
E_000001434ffcd3e0/105 .event anyedge, v0000014350030d20_419, v0000014350030d20_420, v0000014350030d20_421, v0000014350030d20_422;
v0000014350030d20_423 .array/port v0000014350030d20, 423;
v0000014350030d20_424 .array/port v0000014350030d20, 424;
v0000014350030d20_425 .array/port v0000014350030d20, 425;
v0000014350030d20_426 .array/port v0000014350030d20, 426;
E_000001434ffcd3e0/106 .event anyedge, v0000014350030d20_423, v0000014350030d20_424, v0000014350030d20_425, v0000014350030d20_426;
v0000014350030d20_427 .array/port v0000014350030d20, 427;
v0000014350030d20_428 .array/port v0000014350030d20, 428;
v0000014350030d20_429 .array/port v0000014350030d20, 429;
v0000014350030d20_430 .array/port v0000014350030d20, 430;
E_000001434ffcd3e0/107 .event anyedge, v0000014350030d20_427, v0000014350030d20_428, v0000014350030d20_429, v0000014350030d20_430;
v0000014350030d20_431 .array/port v0000014350030d20, 431;
v0000014350030d20_432 .array/port v0000014350030d20, 432;
v0000014350030d20_433 .array/port v0000014350030d20, 433;
v0000014350030d20_434 .array/port v0000014350030d20, 434;
E_000001434ffcd3e0/108 .event anyedge, v0000014350030d20_431, v0000014350030d20_432, v0000014350030d20_433, v0000014350030d20_434;
v0000014350030d20_435 .array/port v0000014350030d20, 435;
v0000014350030d20_436 .array/port v0000014350030d20, 436;
v0000014350030d20_437 .array/port v0000014350030d20, 437;
v0000014350030d20_438 .array/port v0000014350030d20, 438;
E_000001434ffcd3e0/109 .event anyedge, v0000014350030d20_435, v0000014350030d20_436, v0000014350030d20_437, v0000014350030d20_438;
v0000014350030d20_439 .array/port v0000014350030d20, 439;
v0000014350030d20_440 .array/port v0000014350030d20, 440;
v0000014350030d20_441 .array/port v0000014350030d20, 441;
v0000014350030d20_442 .array/port v0000014350030d20, 442;
E_000001434ffcd3e0/110 .event anyedge, v0000014350030d20_439, v0000014350030d20_440, v0000014350030d20_441, v0000014350030d20_442;
v0000014350030d20_443 .array/port v0000014350030d20, 443;
v0000014350030d20_444 .array/port v0000014350030d20, 444;
v0000014350030d20_445 .array/port v0000014350030d20, 445;
v0000014350030d20_446 .array/port v0000014350030d20, 446;
E_000001434ffcd3e0/111 .event anyedge, v0000014350030d20_443, v0000014350030d20_444, v0000014350030d20_445, v0000014350030d20_446;
v0000014350030d20_447 .array/port v0000014350030d20, 447;
v0000014350030d20_448 .array/port v0000014350030d20, 448;
v0000014350030d20_449 .array/port v0000014350030d20, 449;
v0000014350030d20_450 .array/port v0000014350030d20, 450;
E_000001434ffcd3e0/112 .event anyedge, v0000014350030d20_447, v0000014350030d20_448, v0000014350030d20_449, v0000014350030d20_450;
v0000014350030d20_451 .array/port v0000014350030d20, 451;
v0000014350030d20_452 .array/port v0000014350030d20, 452;
v0000014350030d20_453 .array/port v0000014350030d20, 453;
v0000014350030d20_454 .array/port v0000014350030d20, 454;
E_000001434ffcd3e0/113 .event anyedge, v0000014350030d20_451, v0000014350030d20_452, v0000014350030d20_453, v0000014350030d20_454;
v0000014350030d20_455 .array/port v0000014350030d20, 455;
v0000014350030d20_456 .array/port v0000014350030d20, 456;
v0000014350030d20_457 .array/port v0000014350030d20, 457;
v0000014350030d20_458 .array/port v0000014350030d20, 458;
E_000001434ffcd3e0/114 .event anyedge, v0000014350030d20_455, v0000014350030d20_456, v0000014350030d20_457, v0000014350030d20_458;
v0000014350030d20_459 .array/port v0000014350030d20, 459;
v0000014350030d20_460 .array/port v0000014350030d20, 460;
v0000014350030d20_461 .array/port v0000014350030d20, 461;
v0000014350030d20_462 .array/port v0000014350030d20, 462;
E_000001434ffcd3e0/115 .event anyedge, v0000014350030d20_459, v0000014350030d20_460, v0000014350030d20_461, v0000014350030d20_462;
v0000014350030d20_463 .array/port v0000014350030d20, 463;
v0000014350030d20_464 .array/port v0000014350030d20, 464;
v0000014350030d20_465 .array/port v0000014350030d20, 465;
v0000014350030d20_466 .array/port v0000014350030d20, 466;
E_000001434ffcd3e0/116 .event anyedge, v0000014350030d20_463, v0000014350030d20_464, v0000014350030d20_465, v0000014350030d20_466;
v0000014350030d20_467 .array/port v0000014350030d20, 467;
v0000014350030d20_468 .array/port v0000014350030d20, 468;
v0000014350030d20_469 .array/port v0000014350030d20, 469;
v0000014350030d20_470 .array/port v0000014350030d20, 470;
E_000001434ffcd3e0/117 .event anyedge, v0000014350030d20_467, v0000014350030d20_468, v0000014350030d20_469, v0000014350030d20_470;
v0000014350030d20_471 .array/port v0000014350030d20, 471;
v0000014350030d20_472 .array/port v0000014350030d20, 472;
v0000014350030d20_473 .array/port v0000014350030d20, 473;
v0000014350030d20_474 .array/port v0000014350030d20, 474;
E_000001434ffcd3e0/118 .event anyedge, v0000014350030d20_471, v0000014350030d20_472, v0000014350030d20_473, v0000014350030d20_474;
v0000014350030d20_475 .array/port v0000014350030d20, 475;
v0000014350030d20_476 .array/port v0000014350030d20, 476;
v0000014350030d20_477 .array/port v0000014350030d20, 477;
v0000014350030d20_478 .array/port v0000014350030d20, 478;
E_000001434ffcd3e0/119 .event anyedge, v0000014350030d20_475, v0000014350030d20_476, v0000014350030d20_477, v0000014350030d20_478;
v0000014350030d20_479 .array/port v0000014350030d20, 479;
v0000014350030d20_480 .array/port v0000014350030d20, 480;
v0000014350030d20_481 .array/port v0000014350030d20, 481;
v0000014350030d20_482 .array/port v0000014350030d20, 482;
E_000001434ffcd3e0/120 .event anyedge, v0000014350030d20_479, v0000014350030d20_480, v0000014350030d20_481, v0000014350030d20_482;
v0000014350030d20_483 .array/port v0000014350030d20, 483;
v0000014350030d20_484 .array/port v0000014350030d20, 484;
v0000014350030d20_485 .array/port v0000014350030d20, 485;
v0000014350030d20_486 .array/port v0000014350030d20, 486;
E_000001434ffcd3e0/121 .event anyedge, v0000014350030d20_483, v0000014350030d20_484, v0000014350030d20_485, v0000014350030d20_486;
v0000014350030d20_487 .array/port v0000014350030d20, 487;
v0000014350030d20_488 .array/port v0000014350030d20, 488;
v0000014350030d20_489 .array/port v0000014350030d20, 489;
v0000014350030d20_490 .array/port v0000014350030d20, 490;
E_000001434ffcd3e0/122 .event anyedge, v0000014350030d20_487, v0000014350030d20_488, v0000014350030d20_489, v0000014350030d20_490;
v0000014350030d20_491 .array/port v0000014350030d20, 491;
v0000014350030d20_492 .array/port v0000014350030d20, 492;
v0000014350030d20_493 .array/port v0000014350030d20, 493;
v0000014350030d20_494 .array/port v0000014350030d20, 494;
E_000001434ffcd3e0/123 .event anyedge, v0000014350030d20_491, v0000014350030d20_492, v0000014350030d20_493, v0000014350030d20_494;
v0000014350030d20_495 .array/port v0000014350030d20, 495;
v0000014350030d20_496 .array/port v0000014350030d20, 496;
v0000014350030d20_497 .array/port v0000014350030d20, 497;
v0000014350030d20_498 .array/port v0000014350030d20, 498;
E_000001434ffcd3e0/124 .event anyedge, v0000014350030d20_495, v0000014350030d20_496, v0000014350030d20_497, v0000014350030d20_498;
v0000014350030d20_499 .array/port v0000014350030d20, 499;
v0000014350030d20_500 .array/port v0000014350030d20, 500;
v0000014350030d20_501 .array/port v0000014350030d20, 501;
v0000014350030d20_502 .array/port v0000014350030d20, 502;
E_000001434ffcd3e0/125 .event anyedge, v0000014350030d20_499, v0000014350030d20_500, v0000014350030d20_501, v0000014350030d20_502;
v0000014350030d20_503 .array/port v0000014350030d20, 503;
v0000014350030d20_504 .array/port v0000014350030d20, 504;
v0000014350030d20_505 .array/port v0000014350030d20, 505;
v0000014350030d20_506 .array/port v0000014350030d20, 506;
E_000001434ffcd3e0/126 .event anyedge, v0000014350030d20_503, v0000014350030d20_504, v0000014350030d20_505, v0000014350030d20_506;
v0000014350030d20_507 .array/port v0000014350030d20, 507;
v0000014350030d20_508 .array/port v0000014350030d20, 508;
v0000014350030d20_509 .array/port v0000014350030d20, 509;
v0000014350030d20_510 .array/port v0000014350030d20, 510;
E_000001434ffcd3e0/127 .event anyedge, v0000014350030d20_507, v0000014350030d20_508, v0000014350030d20_509, v0000014350030d20_510;
v0000014350030d20_511 .array/port v0000014350030d20, 511;
E_000001434ffcd3e0/128 .event anyedge, v0000014350030d20_511, v000001435002fec0_0, v00000143500305a0_0, v0000014350030e60_0;
E_000001434ffcd3e0/129 .event anyedge, v0000014350030be0_0;
E_000001434ffcd3e0 .event/or E_000001434ffcd3e0/0, E_000001434ffcd3e0/1, E_000001434ffcd3e0/2, E_000001434ffcd3e0/3, E_000001434ffcd3e0/4, E_000001434ffcd3e0/5, E_000001434ffcd3e0/6, E_000001434ffcd3e0/7, E_000001434ffcd3e0/8, E_000001434ffcd3e0/9, E_000001434ffcd3e0/10, E_000001434ffcd3e0/11, E_000001434ffcd3e0/12, E_000001434ffcd3e0/13, E_000001434ffcd3e0/14, E_000001434ffcd3e0/15, E_000001434ffcd3e0/16, E_000001434ffcd3e0/17, E_000001434ffcd3e0/18, E_000001434ffcd3e0/19, E_000001434ffcd3e0/20, E_000001434ffcd3e0/21, E_000001434ffcd3e0/22, E_000001434ffcd3e0/23, E_000001434ffcd3e0/24, E_000001434ffcd3e0/25, E_000001434ffcd3e0/26, E_000001434ffcd3e0/27, E_000001434ffcd3e0/28, E_000001434ffcd3e0/29, E_000001434ffcd3e0/30, E_000001434ffcd3e0/31, E_000001434ffcd3e0/32, E_000001434ffcd3e0/33, E_000001434ffcd3e0/34, E_000001434ffcd3e0/35, E_000001434ffcd3e0/36, E_000001434ffcd3e0/37, E_000001434ffcd3e0/38, E_000001434ffcd3e0/39, E_000001434ffcd3e0/40, E_000001434ffcd3e0/41, E_000001434ffcd3e0/42, E_000001434ffcd3e0/43, E_000001434ffcd3e0/44, E_000001434ffcd3e0/45, E_000001434ffcd3e0/46, E_000001434ffcd3e0/47, E_000001434ffcd3e0/48, E_000001434ffcd3e0/49, E_000001434ffcd3e0/50, E_000001434ffcd3e0/51, E_000001434ffcd3e0/52, E_000001434ffcd3e0/53, E_000001434ffcd3e0/54, E_000001434ffcd3e0/55, E_000001434ffcd3e0/56, E_000001434ffcd3e0/57, E_000001434ffcd3e0/58, E_000001434ffcd3e0/59, E_000001434ffcd3e0/60, E_000001434ffcd3e0/61, E_000001434ffcd3e0/62, E_000001434ffcd3e0/63, E_000001434ffcd3e0/64, E_000001434ffcd3e0/65, E_000001434ffcd3e0/66, E_000001434ffcd3e0/67, E_000001434ffcd3e0/68, E_000001434ffcd3e0/69, E_000001434ffcd3e0/70, E_000001434ffcd3e0/71, E_000001434ffcd3e0/72, E_000001434ffcd3e0/73, E_000001434ffcd3e0/74, E_000001434ffcd3e0/75, E_000001434ffcd3e0/76, E_000001434ffcd3e0/77, E_000001434ffcd3e0/78, E_000001434ffcd3e0/79, E_000001434ffcd3e0/80, E_000001434ffcd3e0/81, E_000001434ffcd3e0/82, E_000001434ffcd3e0/83, E_000001434ffcd3e0/84, E_000001434ffcd3e0/85, E_000001434ffcd3e0/86, E_000001434ffcd3e0/87, E_000001434ffcd3e0/88, E_000001434ffcd3e0/89, E_000001434ffcd3e0/90, E_000001434ffcd3e0/91, E_000001434ffcd3e0/92, E_000001434ffcd3e0/93, E_000001434ffcd3e0/94, E_000001434ffcd3e0/95, E_000001434ffcd3e0/96, E_000001434ffcd3e0/97, E_000001434ffcd3e0/98, E_000001434ffcd3e0/99, E_000001434ffcd3e0/100, E_000001434ffcd3e0/101, E_000001434ffcd3e0/102, E_000001434ffcd3e0/103, E_000001434ffcd3e0/104, E_000001434ffcd3e0/105, E_000001434ffcd3e0/106, E_000001434ffcd3e0/107, E_000001434ffcd3e0/108, E_000001434ffcd3e0/109, E_000001434ffcd3e0/110, E_000001434ffcd3e0/111, E_000001434ffcd3e0/112, E_000001434ffcd3e0/113, E_000001434ffcd3e0/114, E_000001434ffcd3e0/115, E_000001434ffcd3e0/116, E_000001434ffcd3e0/117, E_000001434ffcd3e0/118, E_000001434ffcd3e0/119, E_000001434ffcd3e0/120, E_000001434ffcd3e0/121, E_000001434ffcd3e0/122, E_000001434ffcd3e0/123, E_000001434ffcd3e0/124, E_000001434ffcd3e0/125, E_000001434ffcd3e0/126, E_000001434ffcd3e0/127, E_000001434ffcd3e0/128, E_000001434ffcd3e0/129;
S_000001434ff93c80 .scope module, "immGenDP" "immGen" 3 73, 9 2 0, S_000001434ffdf9b0;
 .timescale -9 -10;
    .port_info 0 /INPUT 32 "instruction";
    .port_info 1 /OUTPUT 32 "imm";
v00000143500306e0_0 .var "imm", 31 0;
v000001435002f920_0 .net "instruction", 31 0, v000001435002fb00_0;  alias, 1 drivers
E_000001434ffcda20 .event anyedge, v000001435002f920_0;
S_000001434ff93e10 .scope module, "instructionMemDP" "instructionMem" 3 99, 10 2 0, S_000001434ffdf9b0;
 .timescale -9 -10;
    .port_info 0 /INPUT 1 "clock";
    .port_info 1 /INPUT 32 "address";
    .port_info 2 /OUTPUT 32 "current_instruction";
v000001435002f9c0_0 .net "address", 31 0, v000001435003d2f0_0;  alias, 1 drivers
v000001435002f100_0 .net "clock", 0 0, v0000014350040990_0;  alias, 1 drivers
v000001435002fb00_0 .var "current_instruction", 31 0;
v000001435002f1a0 .array "instructions", 31 0, 31 0;
v000001435002f1a0_0 .array/port v000001435002f1a0, 0;
v000001435002f1a0_1 .array/port v000001435002f1a0, 1;
v000001435002f1a0_2 .array/port v000001435002f1a0, 2;
E_000001434ffcc260/0 .event anyedge, v000001434ffda320_0, v000001435002f1a0_0, v000001435002f1a0_1, v000001435002f1a0_2;
v000001435002f1a0_3 .array/port v000001435002f1a0, 3;
v000001435002f1a0_4 .array/port v000001435002f1a0, 4;
v000001435002f1a0_5 .array/port v000001435002f1a0, 5;
v000001435002f1a0_6 .array/port v000001435002f1a0, 6;
E_000001434ffcc260/1 .event anyedge, v000001435002f1a0_3, v000001435002f1a0_4, v000001435002f1a0_5, v000001435002f1a0_6;
v000001435002f1a0_7 .array/port v000001435002f1a0, 7;
v000001435002f1a0_8 .array/port v000001435002f1a0, 8;
v000001435002f1a0_9 .array/port v000001435002f1a0, 9;
v000001435002f1a0_10 .array/port v000001435002f1a0, 10;
E_000001434ffcc260/2 .event anyedge, v000001435002f1a0_7, v000001435002f1a0_8, v000001435002f1a0_9, v000001435002f1a0_10;
v000001435002f1a0_11 .array/port v000001435002f1a0, 11;
v000001435002f1a0_12 .array/port v000001435002f1a0, 12;
v000001435002f1a0_13 .array/port v000001435002f1a0, 13;
v000001435002f1a0_14 .array/port v000001435002f1a0, 14;
E_000001434ffcc260/3 .event anyedge, v000001435002f1a0_11, v000001435002f1a0_12, v000001435002f1a0_13, v000001435002f1a0_14;
v000001435002f1a0_15 .array/port v000001435002f1a0, 15;
v000001435002f1a0_16 .array/port v000001435002f1a0, 16;
v000001435002f1a0_17 .array/port v000001435002f1a0, 17;
v000001435002f1a0_18 .array/port v000001435002f1a0, 18;
E_000001434ffcc260/4 .event anyedge, v000001435002f1a0_15, v000001435002f1a0_16, v000001435002f1a0_17, v000001435002f1a0_18;
v000001435002f1a0_19 .array/port v000001435002f1a0, 19;
v000001435002f1a0_20 .array/port v000001435002f1a0, 20;
v000001435002f1a0_21 .array/port v000001435002f1a0, 21;
v000001435002f1a0_22 .array/port v000001435002f1a0, 22;
E_000001434ffcc260/5 .event anyedge, v000001435002f1a0_19, v000001435002f1a0_20, v000001435002f1a0_21, v000001435002f1a0_22;
v000001435002f1a0_23 .array/port v000001435002f1a0, 23;
v000001435002f1a0_24 .array/port v000001435002f1a0, 24;
v000001435002f1a0_25 .array/port v000001435002f1a0, 25;
v000001435002f1a0_26 .array/port v000001435002f1a0, 26;
E_000001434ffcc260/6 .event anyedge, v000001435002f1a0_23, v000001435002f1a0_24, v000001435002f1a0_25, v000001435002f1a0_26;
v000001435002f1a0_27 .array/port v000001435002f1a0, 27;
v000001435002f1a0_28 .array/port v000001435002f1a0, 28;
v000001435002f1a0_29 .array/port v000001435002f1a0, 29;
v000001435002f1a0_30 .array/port v000001435002f1a0, 30;
E_000001434ffcc260/7 .event anyedge, v000001435002f1a0_27, v000001435002f1a0_28, v000001435002f1a0_29, v000001435002f1a0_30;
v000001435002f1a0_31 .array/port v000001435002f1a0, 31;
E_000001434ffcc260/8 .event anyedge, v000001435002f1a0_31;
E_000001434ffcc260 .event/or E_000001434ffcc260/0, E_000001434ffcc260/1, E_000001434ffcc260/2, E_000001434ffcc260/3, E_000001434ffcc260/4, E_000001434ffcc260/5, E_000001434ffcc260/6, E_000001434ffcc260/7, E_000001434ffcc260/8;
S_000001434ffae000 .scope module, "muxALUDP" "mux" 3 78, 11 2 0, S_000001434ffdf9b0;
 .timescale -9 -10;
    .port_info 0 /INPUT 1 "crtlSignal";
    .port_info 1 /INPUT 32 "value1";
    .port_info 2 /INPUT 32 "value2";
    .port_info 3 /OUTPUT 32 "out";
v000001435002fd80_0 .net *"_ivl_0", 31 0, L_0000014350040f30;  1 drivers
L_00000143500421b8 .functor BUFT 1, C4<0000000000000000000000000000000>, C4<0>, C4<0>, C4<0>;
v0000014350030320_0 .net *"_ivl_3", 30 0, L_00000143500421b8;  1 drivers
L_0000014350042200 .functor BUFT 1, C4<00000000000000000000000000000000>, C4<0>, C4<0>, C4<0>;
v000001435002fba0_0 .net/2u *"_ivl_4", 31 0, L_0000014350042200;  1 drivers
v000001435002fe20_0 .net *"_ivl_6", 0 0, L_0000014350041430;  1 drivers
v000001435002f240_0 .net "crtlSignal", 0 0, v0000014350030f00_0;  alias, 1 drivers
v000001435002f2e0_0 .net "out", 31 0, L_0000014350040ad0;  alias, 1 drivers
v00000143500303c0_0 .net "value1", 31 0, v00000143500306e0_0;  alias, 1 drivers
v0000014350030780_0 .net "value2", 31 0, v000001435003d610_0;  alias, 1 drivers
L_0000014350040f30 .concat [ 1 31 0 0], v0000014350030f00_0, L_00000143500421b8;
L_0000014350041430 .cmp/eq 32, L_0000014350040f30, L_0000014350042200;
L_0000014350040ad0 .functor MUXZ 32, v00000143500306e0_0, v000001435003d610_0, L_0000014350041430, C4<>;
S_000001434ffae190 .scope module, "muxBranchDP" "mux" 3 85, 11 2 0, S_000001434ffdf9b0;
 .timescale -9 -10;
    .port_info 0 /INPUT 1 "crtlSignal";
    .port_info 1 /INPUT 32 "value1";
    .port_info 2 /INPUT 32 "value2";
    .port_info 3 /OUTPUT 32 "out";
v000001435002f4c0_0 .net *"_ivl_0", 31 0, L_0000014350040b70;  1 drivers
L_0000014350042248 .functor BUFT 1, C4<0000000000000000000000000000000>, C4<0>, C4<0>, C4<0>;
v0000014350030000_0 .net *"_ivl_3", 30 0, L_0000014350042248;  1 drivers
L_0000014350042290 .functor BUFT 1, C4<00000000000000000000000000000000>, C4<0>, C4<0>, C4<0>;
v000001435003c8f0_0 .net/2u *"_ivl_4", 31 0, L_0000014350042290;  1 drivers
v000001435003cc10_0 .net *"_ivl_6", 0 0, L_00000143500405d0;  1 drivers
v000001435003c710_0 .net "crtlSignal", 0 0, L_000001434ffb3ef0;  1 drivers
v000001435003cad0_0 .net "out", 31 0, L_0000014350041d90;  alias, 1 drivers
v000001435003ccb0_0 .net "value1", 31 0, L_00000143500412f0;  alias, 1 drivers
v000001435003c990_0 .net "value2", 31 0, L_0000014350040530;  alias, 1 drivers
L_0000014350040b70 .concat [ 1 31 0 0], L_000001434ffb3ef0, L_0000014350042248;
L_00000143500405d0 .cmp/eq 32, L_0000014350040b70, L_0000014350042290;
L_0000014350041d90 .functor MUXZ 32, L_00000143500412f0, L_0000014350040530, L_00000143500405d0, C4<>;
S_000001434ffa5850 .scope module, "muxDMDP" "mux" 3 92, 11 2 0, S_000001434ffdf9b0;
 .timescale -9 -10;
    .port_info 0 /INPUT 1 "crtlSignal";
    .port_info 1 /INPUT 32 "value1";
    .port_info 2 /INPUT 32 "value2";
    .port_info 3 /OUTPUT 32 "out";
v000001435003cf30_0 .net *"_ivl_0", 31 0, L_0000014350040c10;  1 drivers
L_00000143500422d8 .functor BUFT 1, C4<0000000000000000000000000000000>, C4<0>, C4<0>, C4<0>;
v000001435003d4d0_0 .net *"_ivl_3", 30 0, L_00000143500422d8;  1 drivers
L_0000014350042320 .functor BUFT 1, C4<00000000000000000000000000000000>, C4<0>, C4<0>, C4<0>;
v000001435003c7b0_0 .net/2u *"_ivl_4", 31 0, L_0000014350042320;  1 drivers
v000001435003d7f0_0 .net *"_ivl_6", 0 0, L_0000014350041070;  1 drivers
v000001435003d250_0 .net "crtlSignal", 0 0, v0000014350030c80_0;  alias, 1 drivers
v000001435003d070_0 .net "out", 31 0, L_0000014350041570;  alias, 1 drivers
v000001435003cb70_0 .net "value1", 31 0, v0000014350030280_0;  alias, 1 drivers
v000001435003de30_0 .net "value2", 31 0, v000001435002f7e0_0;  alias, 1 drivers
L_0000014350040c10 .concat [ 1 31 0 0], v0000014350030c80_0, L_00000143500422d8;
L_0000014350041070 .cmp/eq 32, L_0000014350040c10, L_0000014350042320;
L_0000014350041570 .functor MUXZ 32, v0000014350030280_0, v000001435002f7e0_0, L_0000014350041070, C4<>;
S_000001434ffa59e0 .scope module, "pcDP" "pc" 3 105, 12 3 0, S_000001434ffdf9b0;
 .timescale -9 -10;
    .port_info 0 /INPUT 1 "clock";
    .port_info 1 /INPUT 1 "reset";
    .port_info 2 /INPUT 32 "pcIn";
    .port_info 3 /OUTPUT 32 "pcOut";
v000001435003d930_0 .net "clock", 0 0, v0000014350040990_0;  alias, 1 drivers
v000001435003ca30_0 .net "pcIn", 31 0, L_0000014350041d90;  alias, 1 drivers
v000001435003d2f0_0 .var "pcOut", 31 0;
v000001435003d390_0 .net "reset", 0 0, v0000014350041c50_0;  alias, 1 drivers
E_000001434ffcbf20 .event posedge, v000001435002f060_0;
S_000001434ff8f650 .scope module, "regMemoryDP" "regMemory" 3 112, 13 3 0, S_000001434ffdf9b0;
 .timescale -9 -10;
    .port_info 0 /INPUT 1 "regWrite";
    .port_info 1 /INPUT 5 "readReg1";
    .port_info 2 /INPUT 5 "readReg2";
    .port_info 3 /INPUT 5 "writeReg";
    .port_info 4 /INPUT 32 "writeData";
    .port_info 5 /OUTPUT 32 "readData1";
    .port_info 6 /OUTPUT 32 "readData2";
v000001435003d570_0 .net *"_ivl_10", 6 0, L_0000014350041750;  1 drivers
L_0000014350042368 .functor BUFT 1, C4<00>, C4<0>, C4<0>, C4<0>;
v000001435003c670_0 .net *"_ivl_13", 1 0, L_0000014350042368;  1 drivers
v000001435003da70_0 .net *"_ivl_17", 31 0, L_0000014350041610;  1 drivers
v000001435003c3f0_0 .net *"_ivl_19", 6 0, L_00000143500416b0;  1 drivers
L_00000143500423b0 .functor BUFT 1, C4<00>, C4<0>, C4<0>, C4<0>;
v000001435003cd50_0 .net *"_ivl_22", 1 0, L_00000143500423b0;  1 drivers
v000001435003cdf0_0 .net *"_ivl_8", 31 0, L_0000014350041e30;  1 drivers
v000001435003d430_0 .var "readData1", 31 0;
v000001435003d610_0 .var "readData2", 31 0;
v000001435003db10_0 .net "readReg1", 4 0, L_00000143500417f0;  1 drivers
v000001435003ce90_0 .net "readReg2", 4 0, L_0000014350041890;  1 drivers
v000001435003d890_0 .net "regWrite", 0 0, v0000014350030500_0;  alias, 1 drivers
v000001435003cfd0 .array "registersSet", 31 0, 31 0;
v000001435003d750_0 .net "writeData", 31 0, L_0000014350041570;  alias, 1 drivers
v000001435003d6b0_0 .net "writeReg", 4 0, L_0000014350041a70;  1 drivers
E_000001434ffcc5e0 .event anyedge, L_0000014350041610, v000001435003ce90_0;
E_000001434ffcbe60 .event anyedge, L_0000014350041e30, v000001435003db10_0;
E_000001434ffcc820 .event anyedge, v000001435003d070_0, v0000014350030500_0;
v000001435003cfd0_0 .array/port v000001435003cfd0, 0;
E_000001434ffcc2e0 .event anyedge, v000001435003cfd0_0;
L_0000014350041e30 .array/port v000001435003cfd0, L_0000014350041750;
L_0000014350041750 .concat [ 5 2 0 0], L_00000143500417f0, L_0000014350042368;
L_0000014350041610 .array/port v000001435003cfd0, L_00000143500416b0;
L_00000143500416b0 .concat [ 5 2 0 0], L_0000014350041890, L_00000143500423b0;
    .scope S_000001434ff9ce40;
T_0 ;
    %wait E_000001434ffcce60;
    %load/vec4 v0000014350030dc0_0;
    %dup/vec4;
    %pushi/vec4 2, 0, 4;
    %cmp/u;
    %jmp/1 T_0.0, 6;
    %dup/vec4;
    %pushi/vec4 6, 0, 4;
    %cmp/u;
    %jmp/1 T_0.1, 6;
    %dup/vec4;
    %pushi/vec4 1, 0, 4;
    %cmp/u;
    %jmp/1 T_0.2, 6;
    %dup/vec4;
    %pushi/vec4 0, 0, 4;
    %cmp/u;
    %jmp/1 T_0.3, 6;
    %dup/vec4;
    %pushi/vec4 4, 0, 4;
    %cmp/u;
    %jmp/1 T_0.4, 6;
    %jmp T_0.5;
T_0.0 ;
    %load/vec4 v00000143500300a0_0;
    %load/vec4 v0000014350030960_0;
    %add;
    %assign/vec4 v000001435002f7e0_0, 0;
    %jmp T_0.5;
T_0.1 ;
    %load/vec4 v00000143500300a0_0;
    %load/vec4 v0000014350030960_0;
    %sub;
    %assign/vec4 v000001435002f7e0_0, 0;
    %jmp T_0.5;
T_0.2 ;
    %load/vec4 v00000143500300a0_0;
    %load/vec4 v0000014350030960_0;
    %or;
    %assign/vec4 v000001435002f7e0_0, 0;
    %jmp T_0.5;
T_0.3 ;
    %load/vec4 v00000143500300a0_0;
    %load/vec4 v0000014350030960_0;
    %and;
    %assign/vec4 v000001435002f7e0_0, 0;
    %jmp T_0.5;
T_0.4 ;
    %load/vec4 v00000143500300a0_0;
    %ix/getv 4, v0000014350030960_0;
    %shiftl 4;
    %assign/vec4 v000001435002f7e0_0, 0;
    %jmp T_0.5;
T_0.5 ;
    %pop/vec4 1;
    %jmp T_0;
    .thread T_0, $push;
    .scope S_000001434ff9ccb0;
T_1 ;
    %wait E_000001434ffcdba0;
    %load/vec4 v0000014350030140_0;
    %dup/vec4;
    %pushi/vec4 0, 0, 2;
    %cmp/u;
    %jmp/1 T_1.0, 6;
    %dup/vec4;
    %pushi/vec4 1, 0, 2;
    %cmp/u;
    %jmp/1 T_1.1, 6;
    %dup/vec4;
    %pushi/vec4 3, 0, 2;
    %cmp/u;
    %jmp/1 T_1.2, 6;
    %dup/vec4;
    %pushi/vec4 2, 0, 2;
    %cmp/u;
    %jmp/1 T_1.3, 6;
    %jmp T_1.4;
T_1.0 ;
    %pushi/vec4 2, 0, 4;
    %assign/vec4 v000001435002fc40_0, 0;
    %jmp T_1.4;
T_1.1 ;
    %pushi/vec4 6, 0, 4;
    %assign/vec4 v000001435002fc40_0, 0;
    %jmp T_1.4;
T_1.2 ;
    %pushi/vec4 0, 0, 4;
    %assign/vec4 v000001435002fc40_0, 0;
    %jmp T_1.4;
T_1.3 ;
    %load/vec4 v0000014350030640_0;
    %dup/vec4;
    %pushi/vec4 0, 0, 3;
    %cmp/u;
    %jmp/1 T_1.5, 6;
    %dup/vec4;
    %pushi/vec4 6, 0, 3;
    %cmp/u;
    %jmp/1 T_1.6, 6;
    %dup/vec4;
    %pushi/vec4 1, 0, 3;
    %cmp/u;
    %jmp/1 T_1.7, 6;
    %jmp T_1.8;
T_1.5 ;
    %pushi/vec4 2, 0, 4;
    %assign/vec4 v000001435002fc40_0, 0;
    %jmp T_1.8;
T_1.6 ;
    %pushi/vec4 1, 0, 4;
    %assign/vec4 v000001435002fc40_0, 0;
    %jmp T_1.8;
T_1.7 ;
    %pushi/vec4 4, 0, 4;
    %assign/vec4 v000001435002fc40_0, 0;
    %jmp T_1.8;
T_1.8 ;
    %pop/vec4 1;
    %jmp T_1.4;
T_1.4 ;
    %pop/vec4 1;
    %jmp T_1;
    .thread T_1, $push;
    .scope S_000001434ff980a0;
T_2 ;
    %wait E_000001434ffcd7a0;
    %load/vec4 v000001435002f600_0;
    %dup/vec4;
    %pushi/vec4 3, 0, 7;
    %cmp/u;
    %jmp/1 T_2.0, 6;
    %dup/vec4;
    %pushi/vec4 35, 0, 7;
    %cmp/u;
    %jmp/1 T_2.1, 6;
    %dup/vec4;
    %pushi/vec4 51, 0, 7;
    %cmp/u;
    %jmp/1 T_2.2, 6;
    %dup/vec4;
    %pushi/vec4 19, 0, 7;
    %cmp/u;
    %jmp/1 T_2.3, 6;
    %dup/vec4;
    %pushi/vec4 99, 0, 7;
    %cmp/u;
    %jmp/1 T_2.4, 6;
    %pushi/vec4 255, 255, 8;
    %assign/vec4 v000001435002ff60_0, 0;
    %jmp T_2.6;
T_2.0 ;
    %pushi/vec4 99, 0, 8;
    %assign/vec4 v000001435002ff60_0, 0;
    %jmp T_2.6;
T_2.1 ;
    %pushi/vec4 6, 0, 8;
    %assign/vec4 v000001435002ff60_0, 0;
    %jmp T_2.6;
T_2.2 ;
    %pushi/vec4 17, 0, 8;
    %assign/vec4 v000001435002ff60_0, 0;
    %jmp T_2.6;
T_2.3 ;
    %pushi/vec4 27, 0, 8;
    %assign/vec4 v000001435002ff60_0, 0;
    %jmp T_2.6;
T_2.4 ;
    %pushi/vec4 136, 0, 8;
    %assign/vec4 v000001435002ff60_0, 0;
    %jmp T_2.6;
T_2.6 ;
    %pop/vec4 1;
    %load/vec4 v000001435002ff60_0;
    %parti/s 1, 7, 4;
    %assign/vec4 v00000143500301e0_0, 0;
    %load/vec4 v000001435002ff60_0;
    %parti/s 1, 6, 4;
    %assign/vec4 v0000014350030be0_0, 0;
    %load/vec4 v000001435002ff60_0;
    %parti/s 1, 5, 4;
    %assign/vec4 v0000014350030c80_0, 0;
    %load/vec4 v000001435002ff60_0;
    %parti/s 2, 3, 3;
    %assign/vec4 v000001435002f380_0, 0;
    %load/vec4 v000001435002ff60_0;
    %parti/s 1, 2, 3;
    %assign/vec4 v000001435002fec0_0, 0;
    %load/vec4 v000001435002ff60_0;
    %parti/s 1, 1, 2;
    %assign/vec4 v0000014350030f00_0, 0;
    %load/vec4 v000001435002ff60_0;
    %parti/s 1, 0, 2;
    %assign/vec4 v0000014350030500_0, 0;
    %jmp T_2;
    .thread T_2, $push;
    .scope S_000001434ff98230;
T_3 ;
    %wait E_000001434ffcd3e0;
    %load/vec4 v000001435002f560_0;
    %ix/load 5, 2, 0;
    %flag_set/imm 4, 0;
    %shiftr 5;
    %ix/vec4 4;
    %load/vec4a v0000014350030d20, 4;
    %assign/vec4 v0000014350030e60_0, 0;
    %load/vec4 v000001435002f880_0;
    %flag_set/vec4 8;
    %jmp/0xz  T_3.0, 8;
    %load/vec4 v000001435002f560_0;
    %pushi/vec4 2, 0, 32;
    %mod;
    %cmpi/e 0, 0, 32;
    %jmp/0xz  T_3.2, 4;
    %load/vec4 v00000143500305a0_0;
    %parti/s 16, 0, 2;
    %load/vec4 v0000014350030e60_0;
    %parti/s 17, 15, 5;
    %concat/vec4; draw_concat_vec4
    %pad/u 32;
    %ix/getv 3, v000001435002f560_0;
    %ix/load 4, 0, 0; Constant delay
    %assign/vec4/a/d v0000014350030d20, 0, 4;
    %jmp T_3.3;
T_3.2 ;
    %load/vec4 v00000143500305a0_0;
    %parti/s 16, 0, 2;
    %load/vec4 v0000014350030e60_0;
    %parti/s 16, 0, 2;
    %concat/vec4; draw_concat_vec4
    %ix/getv 3, v000001435002f560_0;
    %ix/load 4, 0, 0; Constant delay
    %assign/vec4/a/d v0000014350030d20, 0, 4;
T_3.3 ;
T_3.0 ;
    %load/vec4 v000001435002fce0_0;
    %flag_set/vec4 8;
    %jmp/0xz  T_3.4, 8;
    %load/vec4 v000001435002f560_0;
    %pushi/vec4 2, 0, 32;
    %mod;
    %cmpi/e 0, 0, 32;
    %jmp/0xz  T_3.6, 4;
    %load/vec4 v0000014350030e60_0;
    %parti/s 1, 31, 6;
    %replicate 16;
    %load/vec4 v0000014350030e60_0;
    %parti/s 17, 15, 5;
    %concat/vec4; draw_concat_vec4
    %pad/u 32;
    %assign/vec4 v0000014350030280_0, 0;
    %jmp T_3.7;
T_3.6 ;
    %load/vec4 v0000014350030e60_0;
    %parti/s 1, 15, 5;
    %replicate 16;
    %load/vec4 v0000014350030e60_0;
    %parti/s 16, 0, 2;
    %concat/vec4; draw_concat_vec4
    %assign/vec4 v0000014350030280_0, 0;
T_3.7 ;
T_3.4 ;
    %jmp T_3;
    .thread T_3, $push;
    .scope S_000001434ff93c80;
T_4 ;
    %wait E_000001434ffcda20;
    %load/vec4 v000001435002f920_0;
    %parti/s 7, 0, 2;
    %dup/vec4;
    %pushi/vec4 3, 0, 7;
    %cmp/u;
    %jmp/1 T_4.0, 6;
    %dup/vec4;
    %pushi/vec4 35, 0, 7;
    %cmp/u;
    %jmp/1 T_4.1, 6;
    %dup/vec4;
    %pushi/vec4 19, 0, 7;
    %cmp/u;
    %jmp/1 T_4.2, 6;
    %dup/vec4;
    %pushi/vec4 99, 0, 7;
    %cmp/u;
    %jmp/1 T_4.3, 6;
    %pushi/vec4 4294967295, 4294967295, 32;
    %assign/vec4 v00000143500306e0_0, 0;
    %jmp T_4.5;
T_4.0 ;
    %load/vec4 v000001435002f920_0;
    %parti/s 1, 31, 6;
    %replicate 21;
    %load/vec4 v000001435002f920_0;
    %parti/s 11, 20, 6;
    %concat/vec4; draw_concat_vec4
    %assign/vec4 v00000143500306e0_0, 0;
    %jmp T_4.5;
T_4.1 ;
    %load/vec4 v000001435002f920_0;
    %parti/s 1, 31, 6;
    %replicate 21;
    %load/vec4 v000001435002f920_0;
    %parti/s 6, 25, 6;
    %concat/vec4; draw_concat_vec4
    %load/vec4 v000001435002f920_0;
    %parti/s 5, 7, 4;
    %concat/vec4; draw_concat_vec4
    %assign/vec4 v00000143500306e0_0, 0;
    %jmp T_4.5;
T_4.2 ;
    %load/vec4 v000001435002f920_0;
    %parti/s 1, 31, 6;
    %replicate 21;
    %load/vec4 v000001435002f920_0;
    %parti/s 11, 20, 6;
    %concat/vec4; draw_concat_vec4
    %assign/vec4 v00000143500306e0_0, 0;
    %jmp T_4.5;
T_4.3 ;
    %load/vec4 v000001435002f920_0;
    %parti/s 1, 31, 6;
    %replicate 20;
    %load/vec4 v000001435002f920_0;
    %parti/s 1, 7, 4;
    %concat/vec4; draw_concat_vec4
    %load/vec4 v000001435002f920_0;
    %parti/s 6, 25, 6;
    %concat/vec4; draw_concat_vec4
    %load/vec4 v000001435002f920_0;
    %parti/s 4, 8, 5;
    %concat/vec4; draw_concat_vec4
    %concati/vec4 0, 0, 1;
    %assign/vec4 v00000143500306e0_0, 0;
    %jmp T_4.5;
T_4.5 ;
    %pop/vec4 1;
    %jmp T_4;
    .thread T_4, $push;
    .scope S_000001434ff93e10;
T_5 ;
    %wait E_000001434ffcc260;
    %load/vec4 v000001435002f9c0_0;
    %ix/load 5, 2, 0;
    %flag_set/imm 4, 0;
    %shiftr 5;
    %ix/vec4 4;
    %load/vec4a v000001435002f1a0, 4;
    %assign/vec4 v000001435002fb00_0, 0;
    %jmp T_5;
    .thread T_5, $push;
    .scope S_000001434ffa59e0;
T_6 ;
    %wait E_000001434ffcbf20;
    %load/vec4 v000001435003d390_0;
    %flag_set/vec4 8;
    %jmp/0xz  T_6.0, 8;
    %pushi/vec4 0, 0, 32;
    %assign/vec4 v000001435003d2f0_0, 0;
    %jmp T_6.1;
T_6.0 ;
    %load/vec4 v000001435003ca30_0;
    %assign/vec4 v000001435003d2f0_0, 0;
T_6.1 ;
    %jmp T_6;
    .thread T_6;
    .scope S_000001434ff8f650;
T_7 ;
    %wait E_000001434ffcc2e0;
    %pushi/vec4 0, 0, 32;
    %ix/load 4, 0, 0;
    %flag_set/imm 4, 0;
    %store/vec4a v000001435003cfd0, 4, 0;
    %jmp T_7;
    .thread T_7, $push;
    .scope S_000001434ff8f650;
T_8 ;
    %wait E_000001434ffcc820;
    %load/vec4 v000001435003d890_0;
    %pad/u 32;
    %cmpi/e 1, 0, 32;
    %jmp/0xz  T_8.0, 4;
    %load/vec4 v000001435003d750_0;
    %load/vec4 v000001435003d6b0_0;
    %pad/u 7;
    %ix/vec4 3;
    %ix/load 4, 0, 0; Constant delay
    %assign/vec4/a/d v000001435003cfd0, 0, 4;
T_8.0 ;
    %jmp T_8;
    .thread T_8, $push;
    .scope S_000001434ff8f650;
T_9 ;
    %wait E_000001434ffcbe60;
    %load/vec4 v000001435003db10_0;
    %pad/u 7;
    %ix/vec4 4;
    %load/vec4a v000001435003cfd0, 4;
    %assign/vec4 v000001435003d430_0, 0;
    %jmp T_9;
    .thread T_9, $push;
    .scope S_000001434ff8f650;
T_10 ;
    %wait E_000001434ffcc5e0;
    %load/vec4 v000001435003ce90_0;
    %pad/u 7;
    %ix/vec4 4;
    %load/vec4a v000001435003cfd0, 4;
    %assign/vec4 v000001435003d610_0, 0;
    %jmp T_10;
    .thread T_10, $push;
    .scope S_000001434ffdc560;
T_11 ;
    %pushi/vec4 0, 0, 32;
    %store/vec4 v00000143500414d0_0, 0, 32;
    %pushi/vec4 0, 0, 32;
    %store/vec4 v0000014350041cf0_0, 0, 32;
    %end;
    .thread T_11;
    .scope S_000001434ffdc560;
T_12 ;
    %vpi_call 2 13 "$readmemb", "src/quartus/registers_start.txt", v000001435003cfd0 {0 0 0};
    %vpi_call 2 14 "$readmemb", "src/quartus/data_Mem.txt", v0000014350030d20 {0 0 0};
    %vpi_call 2 15 "$readmemb", "src/quartus/instructions1_bin.txt", v000001435002f1a0 {0 0 0};
    %vpi_call 2 16 "$dumpfile", "src/datapath.vcd" {0 0 0};
    %vpi_call 2 17 "$dumpvars", 32'sb00000000000000000000000000000011, S_000001434ffdc560 {0 0 0};
    %pushi/vec4 1, 0, 1;
    %store/vec4 v0000014350041c50_0, 0, 1;
    %pushi/vec4 1, 0, 1;
    %store/vec4 v0000014350040990_0, 0, 1;
    %delay 50, 0;
    %pushi/vec4 0, 0, 1;
    %store/vec4 v0000014350041c50_0, 0, 1;
    %delay 600, 0;
    %vpi_call 2 24 "$finish" {0 0 0};
    %end;
    .thread T_12;
    .scope S_000001434ffdc560;
T_13 ;
    %wait E_000001434ffcda20;
    %load/vec4 v000001435003dc50_0;
    %cmpi/e 4294967295, 4294967295, 32;
    %jmp/0xz  T_13.0, 6;
    %pushi/vec4 0, 0, 32;
    %store/vec4 v00000143500414d0_0, 0, 32;
T_13.2 ;
    %load/vec4 v00000143500414d0_0;
    %cmpi/s 32, 0, 32;
    %jmp/0xz T_13.3, 5;
    %vpi_call 2 35 "$display", "registrador:[ %d ]: %d", v00000143500414d0_0, &A<v000001435003cfd0, v00000143500414d0_0 > {0 0 0};
    %delay 10, 0;
    %load/vec4 v00000143500414d0_0;
    %addi 1, 0, 32;
    %store/vec4 v00000143500414d0_0, 0, 32;
    %jmp T_13.2;
T_13.3 ;
    %pushi/vec4 0, 0, 32;
    %store/vec4 v0000014350041cf0_0, 0, 32;
T_13.4 ;
    %load/vec4 v0000014350041cf0_0;
    %cmpi/s 7, 0, 32;
    %jmp/0xz T_13.5, 5;
    %vpi_call 2 42 "$display", "inst:[ %d ]: %b", v0000014350041cf0_0, &A<v000001435002f1a0, v0000014350041cf0_0 > {0 0 0};
    %delay 10, 0;
    %load/vec4 v0000014350041cf0_0;
    %addi 1, 0, 32;
    %store/vec4 v0000014350041cf0_0, 0, 32;
    %jmp T_13.4;
T_13.5 ;
    %delay 100, 0;
T_13.0 ;
    %jmp T_13;
    .thread T_13, $push;
    .scope S_000001434ffdc560;
T_14 ;
T_14.0 ;
    %delay 10, 0;
    %load/vec4 v0000014350040990_0;
    %inv;
    %assign/vec4 v0000014350040990_0, 0;
    %jmp T_14.0;
    %jmp T_14;
    .thread T_14;
# The file index is used to find the file name in the following table.
:file_names 14;
    "N/A";
    "<interactive>";
    "src/datapathTestbench.v";
    "./src/datapath.v";
    "./src/add.v";
    "./src/aluControl.v";
    "./src/alu.v";
    "./src/control.v";
    "./src/dataMemory.v";
    "./src/immGen.v";
    "./src/instructionMem.v";
    "./src/mux.v";
    "./src/pc.v";
    "./src/regMemory.v";
